{"/Users/judith/bootcamp/collab/skylab-bootcamp-201809/staff/judith-gongora/pinclonerest-api/logic/index.spec.js":{"path":"/Users/judith/bootcamp/collab/skylab-bootcamp-201809/staff/judith-gongora/pinclonerest-api/logic/index.spec.js","statementMap":{"0":{"start":{"line":1,"column":0},"end":{"line":1,"column":26}},"1":{"start":{"line":3,"column":17},"end":{"line":3,"column":36}},"2":{"start":{"line":4,"column":49},"end":{"line":4,"column":67}},"3":{"start":{"line":5,"column":14},"end":{"line":5,"column":26}},"4":{"start":{"line":6,"column":31},"end":{"line":6,"column":51}},"5":{"start":{"line":7,"column":11},"end":{"line":7,"column":24}},"6":{"start":{"line":8,"column":19},"end":{"line":8,"column":34}},"7":{"start":{"line":14,"column":0},"end":{"line":1370,"column":2}},"8":{"start":{"line":16,"column":4},"end":{"line":16,"column":124}},"9":{"start":{"line":16,"column":17},"end":{"line":16,"column":123}},"10":{"start":{"line":18,"column":4},"end":{"line":18,"column":92}},"11":{"start":{"line":18,"column":21},"end":{"line":18,"column":91}},"12":{"start":{"line":19,"column":4},"end":{"line":19,"column":91}},"13":{"start":{"line":19,"column":20},"end":{"line":19,"column":90}},"14":{"start":{"line":21,"column":4},"end":{"line":474,"column":6}},"15":{"start":{"line":22,"column":8},"end":{"line":53,"column":10}},"16":{"start":{"line":25,"column":12},"end":{"line":29,"column":14}},"17":{"start":{"line":26,"column":16},"end":{"line":26,"column":65}},"18":{"start":{"line":27,"column":16},"end":{"line":27,"column":54}},"19":{"start":{"line":28,"column":16},"end":{"line":28,"column":24}},"20":{"start":{"line":31,"column":13},"end":{"line":46,"column":14}},"21":{"start":{"line":32,"column":28},"end":{"line":32,"column":74}},"22":{"start":{"line":34,"column":16},"end":{"line":34,"column":43}},"23":{"start":{"line":36,"column":31},"end":{"line":36,"column":48}},"24":{"start":{"line":38,"column":16},"end":{"line":38,"column":49}},"25":{"start":{"line":40,"column":31},"end":{"line":40,"column":37}},"26":{"start":{"line":42,"column":16},"end":{"line":42,"column":49}},"27":{"start":{"line":43,"column":16},"end":{"line":43,"column":50}},"28":{"start":{"line":44,"column":16},"end":{"line":44,"column":46}},"29":{"start":{"line":45,"column":16},"end":{"line":45,"column":56}},"30":{"start":{"line":48,"column":12},"end":{"line":50,"column":14}},"31":{"start":{"line":49,"column":16},"end":{"line":49,"column":119}},"32":{"start":{"line":49,"column":29},"end":{"line":49,"column":118}},"33":{"start":{"line":55,"column":8},"end":{"line":77,"column":10}},"34":{"start":{"line":58,"column":12},"end":{"line":58,"column":195}},"35":{"start":{"line":58,"column":29},"end":{"line":58,"column":194}},"36":{"start":{"line":60,"column":12},"end":{"line":70,"column":14}},"37":{"start":{"line":61,"column":44},"end":{"line":61,"column":48}},"38":{"start":{"line":63,"column":27},"end":{"line":63,"column":72}},"39":{"start":{"line":64,"column":24},"end":{"line":64,"column":43}},"40":{"start":{"line":65,"column":24},"end":{"line":65,"column":52}},"41":{"start":{"line":67,"column":39},"end":{"line":67,"column":56}},"42":{"start":{"line":68,"column":48},"end":{"line":68,"column":54}},"43":{"start":{"line":69,"column":32},"end":{"line":69,"column":61}},"44":{"start":{"line":72,"column":12},"end":{"line":74,"column":14}},"45":{"start":{"line":73,"column":16},"end":{"line":73,"column":123}},"46":{"start":{"line":73,"column":29},"end":{"line":73,"column":77}},"47":{"start":{"line":79,"column":8},"end":{"line":107,"column":10}},"48":{"start":{"line":82,"column":12},"end":{"line":92,"column":14}},"49":{"start":{"line":83,"column":16},"end":{"line":83,"column":172}},"50":{"start":{"line":85,"column":16},"end":{"line":85,"column":85}},"51":{"start":{"line":87,"column":16},"end":{"line":87,"column":103}},"52":{"start":{"line":89,"column":16},"end":{"line":89,"column":34}},"53":{"start":{"line":90,"column":16},"end":{"line":90,"column":33}},"54":{"start":{"line":91,"column":16},"end":{"line":91,"column":32}},"55":{"start":{"line":94,"column":12},"end":{"line":106,"column":14}},"56":{"start":{"line":95,"column":30},"end":{"line":95,"column":63}},"57":{"start":{"line":97,"column":24},"end":{"line":97,"column":64}},"58":{"start":{"line":98,"column":66},"end":{"line":98,"column":71}},"59":{"start":{"line":100,"column":24},"end":{"line":100,"column":43}},"60":{"start":{"line":101,"column":24},"end":{"line":101,"column":52}},"61":{"start":{"line":102,"column":24},"end":{"line":102,"column":58}},"62":{"start":{"line":103,"column":24},"end":{"line":103,"column":54}},"63":{"start":{"line":104,"column":24},"end":{"line":104,"column":56}},"64":{"start":{"line":105,"column":24},"end":{"line":105,"column":49}},"65":{"start":{"line":109,"column":8},"end":{"line":203,"column":10}},"66":{"start":{"line":112,"column":12},"end":{"line":116,"column":14}},"67":{"start":{"line":113,"column":16},"end":{"line":113,"column":157}},"68":{"start":{"line":115,"column":16},"end":{"line":115,"column":33}},"69":{"start":{"line":118,"column":12},"end":{"line":135,"column":14}},"70":{"start":{"line":119,"column":31},"end":{"line":119,"column":35}},"71":{"start":{"line":121,"column":32},"end":{"line":121,"column":55}},"72":{"start":{"line":122,"column":35},"end":{"line":122,"column":61}},"73":{"start":{"line":123,"column":36},"end":{"line":123,"column":63}},"74":{"start":{"line":125,"column":16},"end":{"line":125,"column":76}},"75":{"start":{"line":127,"column":31},"end":{"line":127,"column":48}},"76":{"start":{"line":129,"column":32},"end":{"line":129,"column":38}},"77":{"start":{"line":131,"column":16},"end":{"line":131,"column":45}},"78":{"start":{"line":132,"column":16},"end":{"line":132,"column":52}},"79":{"start":{"line":133,"column":16},"end":{"line":133,"column":58}},"80":{"start":{"line":134,"column":16},"end":{"line":134,"column":60}},"81":{"start":{"line":137,"column":12},"end":{"line":149,"column":14}},"82":{"start":{"line":138,"column":31},"end":{"line":138,"column":35}},"83":{"start":{"line":140,"column":32},"end":{"line":140,"column":55}},"84":{"start":{"line":142,"column":16},"end":{"line":142,"column":69}},"85":{"start":{"line":143,"column":35},"end":{"line":143,"column":52}},"86":{"start":{"line":144,"column":40},"end":{"line":144,"column":46}},"87":{"start":{"line":146,"column":24},"end":{"line":146,"column":53}},"88":{"start":{"line":148,"column":24},"end":{"line":148,"column":60}},"89":{"start":{"line":151,"column":12},"end":{"line":162,"column":14}},"90":{"start":{"line":152,"column":31},"end":{"line":152,"column":35}},"91":{"start":{"line":154,"column":35},"end":{"line":154,"column":61}},"92":{"start":{"line":156,"column":16},"end":{"line":156,"column":72}},"93":{"start":{"line":157,"column":31},"end":{"line":157,"column":48}},"94":{"start":{"line":158,"column":40},"end":{"line":158,"column":46}},"95":{"start":{"line":160,"column":24},"end":{"line":160,"column":53}},"96":{"start":{"line":161,"column":24},"end":{"line":161,"column":66}},"97":{"start":{"line":166,"column":12},"end":{"line":169,"column":14}},"98":{"start":{"line":168,"column":16},"end":{"line":168,"column":123}},"99":{"start":{"line":168,"column":29},"end":{"line":168,"column":80}},"100":{"start":{"line":173,"column":12},"end":{"line":202,"column":14}},"101":{"start":{"line":176,"column":16},"end":{"line":181,"column":18}},"102":{"start":{"line":177,"column":20},"end":{"line":177,"column":180}},"103":{"start":{"line":179,"column":20},"end":{"line":179,"column":38}},"104":{"start":{"line":183,"column":16},"end":{"line":199,"column":18}},"105":{"start":{"line":184,"column":35},"end":{"line":184,"column":40}},"106":{"start":{"line":186,"column":40},"end":{"line":186,"column":49}},"107":{"start":{"line":188,"column":20},"end":{"line":198,"column":21}},"108":{"start":{"line":189,"column":24},"end":{"line":189,"column":81}},"109":{"start":{"line":192,"column":24},"end":{"line":192,"column":72}},"110":{"start":{"line":194,"column":38},"end":{"line":194,"column":61}},"111":{"start":{"line":195,"column":24},"end":{"line":195,"column":53}},"112":{"start":{"line":197,"column":24},"end":{"line":197,"column":65}},"113":{"start":{"line":205,"column":8},"end":{"line":230,"column":10}},"114":{"start":{"line":208,"column":12},"end":{"line":217,"column":14}},"115":{"start":{"line":210,"column":16},"end":{"line":210,"column":175}},"116":{"start":{"line":212,"column":16},"end":{"line":212,"column":176}},"117":{"start":{"line":214,"column":16},"end":{"line":214,"column":33}},"118":{"start":{"line":215,"column":16},"end":{"line":215,"column":34}},"119":{"start":{"line":219,"column":12},"end":{"line":229,"column":14}},"120":{"start":{"line":220,"column":16},"end":{"line":220,"column":57}},"121":{"start":{"line":221,"column":30},"end":{"line":221,"column":65}},"122":{"start":{"line":222,"column":31},"end":{"line":222,"column":67}},"123":{"start":{"line":225,"column":16},"end":{"line":225,"column":58}},"124":{"start":{"line":226,"column":16},"end":{"line":226,"column":59}},"125":{"start":{"line":232,"column":8},"end":{"line":255,"column":10}},"126":{"start":{"line":235,"column":12},"end":{"line":245,"column":14}},"127":{"start":{"line":237,"column":16},"end":{"line":237,"column":175}},"128":{"start":{"line":239,"column":16},"end":{"line":239,"column":176}},"129":{"start":{"line":241,"column":16},"end":{"line":241,"column":33}},"130":{"start":{"line":242,"column":16},"end":{"line":242,"column":34}},"131":{"start":{"line":244,"column":16},"end":{"line":244,"column":79}},"132":{"start":{"line":247,"column":12},"end":{"line":254,"column":14}},"133":{"start":{"line":248,"column":16},"end":{"line":248,"column":81}},"134":{"start":{"line":249,"column":30},"end":{"line":249,"column":58}},"135":{"start":{"line":250,"column":31},"end":{"line":250,"column":60}},"136":{"start":{"line":252,"column":16},"end":{"line":252,"column":58}},"137":{"start":{"line":253,"column":16},"end":{"line":253,"column":59}},"138":{"start":{"line":257,"column":8},"end":{"line":276,"column":10}},"139":{"start":{"line":260,"column":12},"end":{"line":269,"column":14}},"140":{"start":{"line":262,"column":16},"end":{"line":262,"column":175}},"141":{"start":{"line":264,"column":16},"end":{"line":264,"column":176}},"142":{"start":{"line":266,"column":16},"end":{"line":266,"column":33}},"143":{"start":{"line":267,"column":16},"end":{"line":267,"column":34}},"144":{"start":{"line":268,"column":16},"end":{"line":268,"column":57}},"145":{"start":{"line":271,"column":12},"end":{"line":275,"column":14}},"146":{"start":{"line":272,"column":31},"end":{"line":272,"column":73}},"147":{"start":{"line":274,"column":16},"end":{"line":274,"column":45}},"148":{"start":{"line":278,"column":8},"end":{"line":329,"column":10}},"149":{"start":{"line":281,"column":12},"end":{"line":310,"column":14}},"150":{"start":{"line":282,"column":16},"end":{"line":282,"column":172}},"151":{"start":{"line":283,"column":16},"end":{"line":283,"column":173}},"152":{"start":{"line":285,"column":16},"end":{"line":285,"column":84}},"153":{"start":{"line":287,"column":16},"end":{"line":287,"column":34}},"154":{"start":{"line":289,"column":16},"end":{"line":289,"column":36}},"155":{"start":{"line":291,"column":16},"end":{"line":291,"column":34}},"156":{"start":{"line":292,"column":16},"end":{"line":292,"column":35}},"157":{"start":{"line":294,"column":16},"end":{"line":294,"column":47}},"158":{"start":{"line":296,"column":16},"end":{"line":296,"column":50}},"159":{"start":{"line":298,"column":16},"end":{"line":306,"column":18}},"160":{"start":{"line":299,"column":20},"end":{"line":299,"column":29}},"161":{"start":{"line":301,"column":20},"end":{"line":301,"column":60}},"162":{"start":{"line":301,"column":43},"end":{"line":301,"column":59}},"163":{"start":{"line":303,"column":20},"end":{"line":303,"column":68}},"164":{"start":{"line":303,"column":39},"end":{"line":303,"column":67}},"165":{"start":{"line":305,"column":20},"end":{"line":305,"column":54}},"166":{"start":{"line":305,"column":42},"end":{"line":305,"column":53}},"167":{"start":{"line":308,"column":16},"end":{"line":308,"column":92}},"168":{"start":{"line":309,"column":16},"end":{"line":309,"column":46}},"169":{"start":{"line":312,"column":12},"end":{"line":323,"column":14}},"170":{"start":{"line":314,"column":16},"end":{"line":314,"column":78}},"171":{"start":{"line":316,"column":30},"end":{"line":316,"column":75}},"172":{"start":{"line":317,"column":30},"end":{"line":317,"column":40}},"173":{"start":{"line":319,"column":16},"end":{"line":319,"column":75}},"174":{"start":{"line":320,"column":16},"end":{"line":320,"column":74}},"175":{"start":{"line":325,"column":12},"end":{"line":328,"column":14}},"176":{"start":{"line":326,"column":16},"end":{"line":326,"column":155}},"177":{"start":{"line":326,"column":29},"end":{"line":326,"column":154}},"178":{"start":{"line":331,"column":8},"end":{"line":380,"column":10}},"179":{"start":{"line":334,"column":12},"end":{"line":365,"column":14}},"180":{"start":{"line":335,"column":16},"end":{"line":335,"column":172}},"181":{"start":{"line":336,"column":16},"end":{"line":336,"column":173}},"182":{"start":{"line":338,"column":16},"end":{"line":338,"column":84}},"183":{"start":{"line":340,"column":16},"end":{"line":340,"column":34}},"184":{"start":{"line":342,"column":16},"end":{"line":342,"column":36}},"185":{"start":{"line":344,"column":16},"end":{"line":344,"column":34}},"186":{"start":{"line":345,"column":16},"end":{"line":345,"column":35}},"187":{"start":{"line":347,"column":16},"end":{"line":347,"column":47}},"188":{"start":{"line":349,"column":16},"end":{"line":349,"column":50}},"189":{"start":{"line":351,"column":16},"end":{"line":359,"column":18}},"190":{"start":{"line":352,"column":20},"end":{"line":352,"column":29}},"191":{"start":{"line":354,"column":20},"end":{"line":354,"column":60}},"192":{"start":{"line":354,"column":43},"end":{"line":354,"column":59}},"193":{"start":{"line":356,"column":20},"end":{"line":356,"column":68}},"194":{"start":{"line":356,"column":39},"end":{"line":356,"column":67}},"195":{"start":{"line":358,"column":20},"end":{"line":358,"column":54}},"196":{"start":{"line":358,"column":42},"end":{"line":358,"column":53}},"197":{"start":{"line":361,"column":16},"end":{"line":361,"column":92}},"198":{"start":{"line":362,"column":16},"end":{"line":362,"column":46}},"199":{"start":{"line":364,"column":16},"end":{"line":364,"column":78}},"200":{"start":{"line":367,"column":12},"end":{"line":378,"column":14}},"201":{"start":{"line":368,"column":16},"end":{"line":368,"column":98}},"202":{"start":{"line":370,"column":30},"end":{"line":370,"column":75}},"203":{"start":{"line":371,"column":30},"end":{"line":371,"column":40}},"204":{"start":{"line":373,"column":16},"end":{"line":373,"column":75}},"205":{"start":{"line":374,"column":16},"end":{"line":374,"column":74}},"206":{"start":{"line":375,"column":16},"end":{"line":375,"column":63}},"207":{"start":{"line":382,"column":8},"end":{"line":425,"column":10}},"208":{"start":{"line":385,"column":12},"end":{"line":416,"column":14}},"209":{"start":{"line":386,"column":16},"end":{"line":386,"column":172}},"210":{"start":{"line":387,"column":16},"end":{"line":387,"column":173}},"211":{"start":{"line":389,"column":16},"end":{"line":389,"column":84}},"212":{"start":{"line":391,"column":16},"end":{"line":391,"column":34}},"213":{"start":{"line":393,"column":16},"end":{"line":393,"column":36}},"214":{"start":{"line":395,"column":16},"end":{"line":395,"column":34}},"215":{"start":{"line":396,"column":16},"end":{"line":396,"column":35}},"216":{"start":{"line":398,"column":16},"end":{"line":398,"column":47}},"217":{"start":{"line":400,"column":16},"end":{"line":400,"column":50}},"218":{"start":{"line":402,"column":16},"end":{"line":410,"column":18}},"219":{"start":{"line":403,"column":20},"end":{"line":403,"column":29}},"220":{"start":{"line":405,"column":20},"end":{"line":405,"column":60}},"221":{"start":{"line":405,"column":43},"end":{"line":405,"column":59}},"222":{"start":{"line":407,"column":20},"end":{"line":407,"column":68}},"223":{"start":{"line":407,"column":39},"end":{"line":407,"column":67}},"224":{"start":{"line":409,"column":20},"end":{"line":409,"column":54}},"225":{"start":{"line":409,"column":42},"end":{"line":409,"column":53}},"226":{"start":{"line":412,"column":16},"end":{"line":412,"column":92}},"227":{"start":{"line":413,"column":16},"end":{"line":413,"column":46}},"228":{"start":{"line":414,"column":16},"end":{"line":414,"column":78}},"229":{"start":{"line":415,"column":16},"end":{"line":415,"column":98}},"230":{"start":{"line":418,"column":12},"end":{"line":423,"column":14}},"231":{"start":{"line":419,"column":31},"end":{"line":419,"column":101}},"232":{"start":{"line":421,"column":16},"end":{"line":421,"column":54}},"233":{"start":{"line":427,"column":8},"end":{"line":472,"column":10}},"234":{"start":{"line":430,"column":12},"end":{"line":461,"column":14}},"235":{"start":{"line":431,"column":16},"end":{"line":431,"column":172}},"236":{"start":{"line":432,"column":16},"end":{"line":432,"column":173}},"237":{"start":{"line":434,"column":16},"end":{"line":434,"column":84}},"238":{"start":{"line":436,"column":16},"end":{"line":436,"column":34}},"239":{"start":{"line":438,"column":16},"end":{"line":438,"column":36}},"240":{"start":{"line":440,"column":16},"end":{"line":440,"column":34}},"241":{"start":{"line":441,"column":16},"end":{"line":441,"column":35}},"242":{"start":{"line":443,"column":16},"end":{"line":443,"column":47}},"243":{"start":{"line":445,"column":16},"end":{"line":445,"column":50}},"244":{"start":{"line":447,"column":16},"end":{"line":455,"column":18}},"245":{"start":{"line":448,"column":20},"end":{"line":448,"column":29}},"246":{"start":{"line":450,"column":20},"end":{"line":450,"column":60}},"247":{"start":{"line":450,"column":43},"end":{"line":450,"column":59}},"248":{"start":{"line":452,"column":20},"end":{"line":452,"column":68}},"249":{"start":{"line":452,"column":39},"end":{"line":452,"column":67}},"250":{"start":{"line":454,"column":20},"end":{"line":454,"column":54}},"251":{"start":{"line":454,"column":42},"end":{"line":454,"column":53}},"252":{"start":{"line":457,"column":16},"end":{"line":457,"column":92}},"253":{"start":{"line":458,"column":16},"end":{"line":458,"column":46}},"254":{"start":{"line":460,"column":16},"end":{"line":460,"column":78}},"255":{"start":{"line":463,"column":12},"end":{"line":470,"column":14}},"256":{"start":{"line":464,"column":16},"end":{"line":464,"column":73}},"257":{"start":{"line":466,"column":30},"end":{"line":466,"column":58}},"258":{"start":{"line":468,"column":16},"end":{"line":468,"column":53}},"259":{"start":{"line":476,"column":4},"end":{"line":971,"column":6}},"260":{"start":{"line":477,"column":8},"end":{"line":521,"column":10}},"261":{"start":{"line":480,"column":12},"end":{"line":490,"column":14}},"262":{"start":{"line":481,"column":16},"end":{"line":481,"column":172}},"263":{"start":{"line":483,"column":16},"end":{"line":483,"column":84}},"264":{"start":{"line":485,"column":16},"end":{"line":485,"column":34}},"265":{"start":{"line":487,"column":16},"end":{"line":487,"column":36}},"266":{"start":{"line":489,"column":16},"end":{"line":489,"column":34}},"267":{"start":{"line":492,"column":12},"end":{"line":518,"column":14}},"268":{"start":{"line":493,"column":33},"end":{"line":493,"column":53}},"269":{"start":{"line":495,"column":27},"end":{"line":495,"column":56}},"270":{"start":{"line":497,"column":31},"end":{"line":505,"column":18}},"271":{"start":{"line":498,"column":33},"end":{"line":498,"column":35}},"272":{"start":{"line":500,"column":20},"end":{"line":500,"column":60}},"273":{"start":{"line":500,"column":43},"end":{"line":500,"column":59}},"274":{"start":{"line":502,"column":20},"end":{"line":502,"column":68}},"275":{"start":{"line":502,"column":39},"end":{"line":502,"column":67}},"276":{"start":{"line":504,"column":20},"end":{"line":504,"column":54}},"277":{"start":{"line":504,"column":42},"end":{"line":504,"column":53}},"278":{"start":{"line":507,"column":16},"end":{"line":507,"column":91}},"279":{"start":{"line":510,"column":33},"end":{"line":510,"column":49}},"280":{"start":{"line":511,"column":38},"end":{"line":511,"column":42}},"281":{"start":{"line":513,"column":24},"end":{"line":513,"column":80}},"282":{"start":{"line":514,"column":24},"end":{"line":514,"column":82}},"283":{"start":{"line":515,"column":24},"end":{"line":515,"column":57}},"284":{"start":{"line":523,"column":8},"end":{"line":568,"column":10}},"285":{"start":{"line":526,"column":12},"end":{"line":555,"column":14}},"286":{"start":{"line":527,"column":16},"end":{"line":527,"column":172}},"287":{"start":{"line":529,"column":16},"end":{"line":529,"column":84}},"288":{"start":{"line":531,"column":16},"end":{"line":531,"column":34}},"289":{"start":{"line":533,"column":16},"end":{"line":533,"column":36}},"290":{"start":{"line":535,"column":16},"end":{"line":535,"column":34}},"291":{"start":{"line":537,"column":16},"end":{"line":537,"column":47}},"292":{"start":{"line":539,"column":16},"end":{"line":539,"column":50}},"293":{"start":{"line":541,"column":16},"end":{"line":549,"column":18}},"294":{"start":{"line":542,"column":20},"end":{"line":542,"column":29}},"295":{"start":{"line":544,"column":20},"end":{"line":544,"column":60}},"296":{"start":{"line":544,"column":43},"end":{"line":544,"column":59}},"297":{"start":{"line":546,"column":20},"end":{"line":546,"column":68}},"298":{"start":{"line":546,"column":39},"end":{"line":546,"column":67}},"299":{"start":{"line":548,"column":20},"end":{"line":548,"column":54}},"300":{"start":{"line":548,"column":42},"end":{"line":548,"column":53}},"301":{"start":{"line":551,"column":16},"end":{"line":551,"column":91}},"302":{"start":{"line":553,"column":16},"end":{"line":553,"column":46}},"303":{"start":{"line":557,"column":12},"end":{"line":565,"column":14}},"304":{"start":{"line":558,"column":28},"end":{"line":558,"column":84}},"305":{"start":{"line":560,"column":16},"end":{"line":560,"column":63}},"306":{"start":{"line":561,"column":16},"end":{"line":561,"column":50}},"307":{"start":{"line":562,"column":16},"end":{"line":562,"column":52}},"308":{"start":{"line":563,"column":16},"end":{"line":563,"column":49}},"309":{"start":{"line":571,"column":8},"end":{"line":618,"column":10}},"310":{"start":{"line":574,"column":12},"end":{"line":602,"column":14}},"311":{"start":{"line":575,"column":16},"end":{"line":575,"column":172}},"312":{"start":{"line":577,"column":16},"end":{"line":577,"column":84}},"313":{"start":{"line":579,"column":16},"end":{"line":579,"column":34}},"314":{"start":{"line":581,"column":16},"end":{"line":581,"column":36}},"315":{"start":{"line":583,"column":16},"end":{"line":583,"column":34}},"316":{"start":{"line":585,"column":16},"end":{"line":585,"column":47}},"317":{"start":{"line":587,"column":16},"end":{"line":587,"column":50}},"318":{"start":{"line":589,"column":16},"end":{"line":597,"column":18}},"319":{"start":{"line":590,"column":20},"end":{"line":590,"column":29}},"320":{"start":{"line":592,"column":20},"end":{"line":592,"column":60}},"321":{"start":{"line":592,"column":43},"end":{"line":592,"column":59}},"322":{"start":{"line":594,"column":20},"end":{"line":594,"column":68}},"323":{"start":{"line":594,"column":39},"end":{"line":594,"column":67}},"324":{"start":{"line":596,"column":20},"end":{"line":596,"column":54}},"325":{"start":{"line":596,"column":42},"end":{"line":596,"column":53}},"326":{"start":{"line":599,"column":16},"end":{"line":599,"column":95}},"327":{"start":{"line":600,"column":16},"end":{"line":600,"column":95}},"328":{"start":{"line":604,"column":12},"end":{"line":617,"column":14}},"329":{"start":{"line":605,"column":29},"end":{"line":605,"column":58}},"330":{"start":{"line":607,"column":20},"end":{"line":607,"column":51}},"331":{"start":{"line":609,"column":20},"end":{"line":609,"column":61}},"332":{"start":{"line":611,"column":40},"end":{"line":611,"column":44}},"333":{"start":{"line":613,"column":20},"end":{"line":613,"column":57}},"334":{"start":{"line":615,"column":20},"end":{"line":615,"column":58}},"335":{"start":{"line":620,"column":8},"end":{"line":667,"column":10}},"336":{"start":{"line":623,"column":12},"end":{"line":652,"column":14}},"337":{"start":{"line":624,"column":16},"end":{"line":624,"column":172}},"338":{"start":{"line":626,"column":16},"end":{"line":626,"column":33}},"339":{"start":{"line":628,"column":16},"end":{"line":628,"column":173}},"340":{"start":{"line":630,"column":16},"end":{"line":630,"column":64}},"341":{"start":{"line":632,"column":16},"end":{"line":632,"column":34}},"342":{"start":{"line":634,"column":16},"end":{"line":634,"column":47}},"343":{"start":{"line":636,"column":16},"end":{"line":636,"column":50}},"344":{"start":{"line":638,"column":16},"end":{"line":646,"column":18}},"345":{"start":{"line":639,"column":20},"end":{"line":639,"column":29}},"346":{"start":{"line":641,"column":20},"end":{"line":641,"column":60}},"347":{"start":{"line":641,"column":43},"end":{"line":641,"column":59}},"348":{"start":{"line":643,"column":20},"end":{"line":643,"column":68}},"349":{"start":{"line":643,"column":39},"end":{"line":643,"column":67}},"350":{"start":{"line":645,"column":20},"end":{"line":645,"column":54}},"351":{"start":{"line":645,"column":42},"end":{"line":645,"column":53}},"352":{"start":{"line":647,"column":32},"end":{"line":647,"column":50}},"353":{"start":{"line":649,"column":16},"end":{"line":649,"column":95}},"354":{"start":{"line":650,"column":16},"end":{"line":650,"column":95}},"355":{"start":{"line":654,"column":12},"end":{"line":666,"column":14}},"356":{"start":{"line":655,"column":29},"end":{"line":655,"column":79}},"357":{"start":{"line":657,"column":16},"end":{"line":657,"column":47}},"358":{"start":{"line":659,"column":16},"end":{"line":659,"column":57}},"359":{"start":{"line":661,"column":36},"end":{"line":661,"column":40}},"360":{"start":{"line":663,"column":16},"end":{"line":663,"column":53}},"361":{"start":{"line":665,"column":16},"end":{"line":665,"column":54}},"362":{"start":{"line":669,"column":8},"end":{"line":707,"column":10}},"363":{"start":{"line":672,"column":12},"end":{"line":699,"column":14}},"364":{"start":{"line":673,"column":16},"end":{"line":673,"column":172}},"365":{"start":{"line":675,"column":16},"end":{"line":675,"column":33}},"366":{"start":{"line":677,"column":16},"end":{"line":677,"column":64}},"367":{"start":{"line":679,"column":16},"end":{"line":679,"column":47}},"368":{"start":{"line":681,"column":16},"end":{"line":681,"column":50}},"369":{"start":{"line":683,"column":16},"end":{"line":691,"column":18}},"370":{"start":{"line":684,"column":20},"end":{"line":684,"column":29}},"371":{"start":{"line":686,"column":20},"end":{"line":686,"column":60}},"372":{"start":{"line":686,"column":43},"end":{"line":686,"column":59}},"373":{"start":{"line":688,"column":20},"end":{"line":688,"column":68}},"374":{"start":{"line":688,"column":39},"end":{"line":688,"column":67}},"375":{"start":{"line":690,"column":20},"end":{"line":690,"column":54}},"376":{"start":{"line":690,"column":42},"end":{"line":690,"column":53}},"377":{"start":{"line":692,"column":31},"end":{"line":692,"column":49}},"378":{"start":{"line":694,"column":16},"end":{"line":694,"column":33}},"379":{"start":{"line":696,"column":16},"end":{"line":696,"column":95}},"380":{"start":{"line":697,"column":16},"end":{"line":697,"column":95}},"381":{"start":{"line":701,"column":12},"end":{"line":706,"column":14}},"382":{"start":{"line":702,"column":29},"end":{"line":702,"column":77}},"383":{"start":{"line":704,"column":16},"end":{"line":704,"column":47}},"384":{"start":{"line":709,"column":8},"end":{"line":751,"column":10}},"385":{"start":{"line":712,"column":12},"end":{"line":743,"column":14}},"386":{"start":{"line":713,"column":16},"end":{"line":713,"column":172}},"387":{"start":{"line":715,"column":16},"end":{"line":715,"column":33}},"388":{"start":{"line":717,"column":16},"end":{"line":717,"column":173}},"389":{"start":{"line":719,"column":16},"end":{"line":719,"column":34}},"390":{"start":{"line":721,"column":16},"end":{"line":721,"column":64}},"391":{"start":{"line":723,"column":16},"end":{"line":723,"column":47}},"392":{"start":{"line":725,"column":16},"end":{"line":725,"column":50}},"393":{"start":{"line":727,"column":16},"end":{"line":735,"column":18}},"394":{"start":{"line":728,"column":20},"end":{"line":728,"column":29}},"395":{"start":{"line":730,"column":20},"end":{"line":730,"column":60}},"396":{"start":{"line":730,"column":43},"end":{"line":730,"column":59}},"397":{"start":{"line":732,"column":20},"end":{"line":732,"column":68}},"398":{"start":{"line":732,"column":39},"end":{"line":732,"column":67}},"399":{"start":{"line":734,"column":20},"end":{"line":734,"column":54}},"400":{"start":{"line":734,"column":42},"end":{"line":734,"column":53}},"401":{"start":{"line":736,"column":31},"end":{"line":736,"column":49}},"402":{"start":{"line":738,"column":16},"end":{"line":738,"column":33}},"403":{"start":{"line":740,"column":16},"end":{"line":740,"column":95}},"404":{"start":{"line":741,"column":16},"end":{"line":741,"column":95}},"405":{"start":{"line":745,"column":12},"end":{"line":750,"column":14}},"406":{"start":{"line":746,"column":29},"end":{"line":746,"column":92}},"407":{"start":{"line":748,"column":16},"end":{"line":748,"column":47}},"408":{"start":{"line":753,"column":8},"end":{"line":792,"column":10}},"409":{"start":{"line":756,"column":12},"end":{"line":783,"column":14}},"410":{"start":{"line":757,"column":16},"end":{"line":757,"column":172}},"411":{"start":{"line":759,"column":16},"end":{"line":759,"column":33}},"412":{"start":{"line":761,"column":16},"end":{"line":761,"column":64}},"413":{"start":{"line":763,"column":16},"end":{"line":763,"column":47}},"414":{"start":{"line":765,"column":16},"end":{"line":765,"column":50}},"415":{"start":{"line":767,"column":16},"end":{"line":775,"column":18}},"416":{"start":{"line":768,"column":20},"end":{"line":768,"column":29}},"417":{"start":{"line":770,"column":20},"end":{"line":770,"column":60}},"418":{"start":{"line":770,"column":43},"end":{"line":770,"column":59}},"419":{"start":{"line":772,"column":20},"end":{"line":772,"column":68}},"420":{"start":{"line":772,"column":39},"end":{"line":772,"column":67}},"421":{"start":{"line":774,"column":20},"end":{"line":774,"column":54}},"422":{"start":{"line":774,"column":42},"end":{"line":774,"column":53}},"423":{"start":{"line":776,"column":31},"end":{"line":776,"column":49}},"424":{"start":{"line":778,"column":16},"end":{"line":778,"column":33}},"425":{"start":{"line":780,"column":16},"end":{"line":780,"column":95}},"426":{"start":{"line":781,"column":16},"end":{"line":781,"column":95}},"427":{"start":{"line":785,"column":12},"end":{"line":791,"column":14}},"428":{"start":{"line":786,"column":29},"end":{"line":786,"column":77}},"429":{"start":{"line":787,"column":31},"end":{"line":787,"column":83}},"430":{"start":{"line":789,"column":16},"end":{"line":789,"column":56}},"431":{"start":{"line":794,"column":8},"end":{"line":832,"column":10}},"432":{"start":{"line":797,"column":12},"end":{"line":824,"column":14}},"433":{"start":{"line":798,"column":16},"end":{"line":798,"column":172}},"434":{"start":{"line":800,"column":16},"end":{"line":800,"column":33}},"435":{"start":{"line":802,"column":16},"end":{"line":802,"column":64}},"436":{"start":{"line":804,"column":16},"end":{"line":804,"column":47}},"437":{"start":{"line":806,"column":16},"end":{"line":806,"column":50}},"438":{"start":{"line":808,"column":16},"end":{"line":816,"column":18}},"439":{"start":{"line":809,"column":20},"end":{"line":809,"column":29}},"440":{"start":{"line":811,"column":20},"end":{"line":811,"column":60}},"441":{"start":{"line":811,"column":43},"end":{"line":811,"column":59}},"442":{"start":{"line":813,"column":20},"end":{"line":813,"column":68}},"443":{"start":{"line":813,"column":39},"end":{"line":813,"column":67}},"444":{"start":{"line":815,"column":20},"end":{"line":815,"column":54}},"445":{"start":{"line":815,"column":42},"end":{"line":815,"column":53}},"446":{"start":{"line":817,"column":31},"end":{"line":817,"column":49}},"447":{"start":{"line":819,"column":16},"end":{"line":819,"column":33}},"448":{"start":{"line":821,"column":16},"end":{"line":821,"column":95}},"449":{"start":{"line":822,"column":16},"end":{"line":822,"column":95}},"450":{"start":{"line":826,"column":12},"end":{"line":831,"column":14}},"451":{"start":{"line":827,"column":29},"end":{"line":827,"column":61}},"452":{"start":{"line":829,"column":16},"end":{"line":829,"column":47}},"453":{"start":{"line":834,"column":8},"end":{"line":879,"column":10}},"454":{"start":{"line":837,"column":12},"end":{"line":870,"column":14}},"455":{"start":{"line":838,"column":16},"end":{"line":838,"column":172}},"456":{"start":{"line":840,"column":16},"end":{"line":840,"column":33}},"457":{"start":{"line":842,"column":16},"end":{"line":842,"column":173}},"458":{"start":{"line":844,"column":16},"end":{"line":844,"column":34}},"459":{"start":{"line":846,"column":16},"end":{"line":846,"column":64}},"460":{"start":{"line":848,"column":16},"end":{"line":848,"column":47}},"461":{"start":{"line":850,"column":16},"end":{"line":850,"column":50}},"462":{"start":{"line":852,"column":16},"end":{"line":860,"column":18}},"463":{"start":{"line":853,"column":20},"end":{"line":853,"column":29}},"464":{"start":{"line":855,"column":20},"end":{"line":855,"column":60}},"465":{"start":{"line":855,"column":43},"end":{"line":855,"column":59}},"466":{"start":{"line":857,"column":20},"end":{"line":857,"column":68}},"467":{"start":{"line":857,"column":39},"end":{"line":857,"column":67}},"468":{"start":{"line":859,"column":20},"end":{"line":859,"column":54}},"469":{"start":{"line":859,"column":42},"end":{"line":859,"column":53}},"470":{"start":{"line":861,"column":31},"end":{"line":861,"column":49}},"471":{"start":{"line":863,"column":16},"end":{"line":863,"column":33}},"472":{"start":{"line":865,"column":16},"end":{"line":865,"column":95}},"473":{"start":{"line":866,"column":16},"end":{"line":866,"column":95}},"474":{"start":{"line":868,"column":16},"end":{"line":868,"column":47}},"475":{"start":{"line":872,"column":12},"end":{"line":878,"column":14}},"476":{"start":{"line":874,"column":30},"end":{"line":874,"column":76}},"477":{"start":{"line":876,"column":16},"end":{"line":876,"column":50}},"478":{"start":{"line":881,"column":8},"end":{"line":924,"column":10}},"479":{"start":{"line":884,"column":12},"end":{"line":913,"column":14}},"480":{"start":{"line":885,"column":16},"end":{"line":885,"column":172}},"481":{"start":{"line":887,"column":16},"end":{"line":887,"column":33}},"482":{"start":{"line":889,"column":16},"end":{"line":889,"column":64}},"483":{"start":{"line":891,"column":16},"end":{"line":891,"column":47}},"484":{"start":{"line":893,"column":16},"end":{"line":893,"column":50}},"485":{"start":{"line":895,"column":16},"end":{"line":903,"column":18}},"486":{"start":{"line":896,"column":20},"end":{"line":896,"column":29}},"487":{"start":{"line":898,"column":20},"end":{"line":898,"column":60}},"488":{"start":{"line":898,"column":43},"end":{"line":898,"column":59}},"489":{"start":{"line":900,"column":20},"end":{"line":900,"column":68}},"490":{"start":{"line":900,"column":39},"end":{"line":900,"column":67}},"491":{"start":{"line":902,"column":20},"end":{"line":902,"column":54}},"492":{"start":{"line":902,"column":42},"end":{"line":902,"column":53}},"493":{"start":{"line":904,"column":31},"end":{"line":904,"column":49}},"494":{"start":{"line":906,"column":16},"end":{"line":906,"column":33}},"495":{"start":{"line":908,"column":16},"end":{"line":908,"column":95}},"496":{"start":{"line":909,"column":16},"end":{"line":909,"column":95}},"497":{"start":{"line":911,"column":16},"end":{"line":911,"column":47}},"498":{"start":{"line":915,"column":12},"end":{"line":923,"column":14}},"499":{"start":{"line":917,"column":16},"end":{"line":917,"column":72}},"500":{"start":{"line":919,"column":16},"end":{"line":919,"column":48}},"501":{"start":{"line":921,"column":16},"end":{"line":921,"column":49}},"502":{"start":{"line":926,"column":8},"end":{"line":969,"column":10}},"503":{"start":{"line":929,"column":12},"end":{"line":958,"column":14}},"504":{"start":{"line":930,"column":16},"end":{"line":930,"column":172}},"505":{"start":{"line":932,"column":16},"end":{"line":932,"column":33}},"506":{"start":{"line":934,"column":16},"end":{"line":934,"column":64}},"507":{"start":{"line":936,"column":16},"end":{"line":936,"column":47}},"508":{"start":{"line":938,"column":16},"end":{"line":938,"column":50}},"509":{"start":{"line":940,"column":16},"end":{"line":948,"column":18}},"510":{"start":{"line":941,"column":20},"end":{"line":941,"column":29}},"511":{"start":{"line":943,"column":20},"end":{"line":943,"column":60}},"512":{"start":{"line":943,"column":43},"end":{"line":943,"column":59}},"513":{"start":{"line":945,"column":20},"end":{"line":945,"column":68}},"514":{"start":{"line":945,"column":39},"end":{"line":945,"column":67}},"515":{"start":{"line":947,"column":20},"end":{"line":947,"column":54}},"516":{"start":{"line":947,"column":42},"end":{"line":947,"column":53}},"517":{"start":{"line":949,"column":31},"end":{"line":949,"column":49}},"518":{"start":{"line":951,"column":16},"end":{"line":951,"column":33}},"519":{"start":{"line":953,"column":16},"end":{"line":953,"column":95}},"520":{"start":{"line":954,"column":16},"end":{"line":954,"column":95}},"521":{"start":{"line":956,"column":16},"end":{"line":956,"column":47}},"522":{"start":{"line":960,"column":12},"end":{"line":968,"column":14}},"523":{"start":{"line":962,"column":16},"end":{"line":962,"column":96}},"524":{"start":{"line":963,"column":16},"end":{"line":963,"column":24}},"525":{"start":{"line":964,"column":16},"end":{"line":964,"column":48}},"526":{"start":{"line":966,"column":16},"end":{"line":966,"column":69}},"527":{"start":{"line":973,"column":5},"end":{"line":1175,"column":6}},"528":{"start":{"line":974,"column":8},"end":{"line":999,"column":10}},"529":{"start":{"line":977,"column":12},"end":{"line":983,"column":14}},"530":{"start":{"line":978,"column":16},"end":{"line":978,"column":172}},"531":{"start":{"line":980,"column":16},"end":{"line":980,"column":48}},"532":{"start":{"line":982,"column":16},"end":{"line":982,"column":34}},"533":{"start":{"line":985,"column":12},"end":{"line":996,"column":14}},"534":{"start":{"line":987,"column":14},"end":{"line":987,"column":58}},"535":{"start":{"line":989,"column":35},"end":{"line":989,"column":53}},"536":{"start":{"line":990,"column":20},"end":{"line":990,"column":53}},"537":{"start":{"line":991,"column":40},"end":{"line":991,"column":46}},"538":{"start":{"line":993,"column":24},"end":{"line":993,"column":59}},"539":{"start":{"line":994,"column":24},"end":{"line":994,"column":71}},"540":{"start":{"line":995,"column":24},"end":{"line":995,"column":60}},"541":{"start":{"line":1001,"column":8},"end":{"line":1028,"column":10}},"542":{"start":{"line":1004,"column":12},"end":{"line":1012,"column":14}},"543":{"start":{"line":1005,"column":16},"end":{"line":1005,"column":172}},"544":{"start":{"line":1007,"column":16},"end":{"line":1007,"column":33}},"545":{"start":{"line":1009,"column":16},"end":{"line":1009,"column":64}},"546":{"start":{"line":1010,"column":16},"end":{"line":1010,"column":64}},"547":{"start":{"line":1014,"column":12},"end":{"line":1026,"column":14}},"548":{"start":{"line":1015,"column":31},"end":{"line":1015,"column":66}},"549":{"start":{"line":1017,"column":20},"end":{"line":1017,"column":53}},"550":{"start":{"line":1019,"column":20},"end":{"line":1019,"column":60}},"551":{"start":{"line":1020,"column":20},"end":{"line":1020,"column":63}},"552":{"start":{"line":1021,"column":20},"end":{"line":1021,"column":60}},"553":{"start":{"line":1023,"column":20},"end":{"line":1023,"column":60}},"554":{"start":{"line":1024,"column":20},"end":{"line":1024,"column":63}},"555":{"start":{"line":1025,"column":20},"end":{"line":1025,"column":60}},"556":{"start":{"line":1030,"column":8},"end":{"line":1059,"column":10}},"557":{"start":{"line":1033,"column":12},"end":{"line":1043,"column":14}},"558":{"start":{"line":1034,"column":16},"end":{"line":1034,"column":172}},"559":{"start":{"line":1035,"column":16},"end":{"line":1035,"column":173}},"560":{"start":{"line":1037,"column":16},"end":{"line":1037,"column":33}},"561":{"start":{"line":1038,"column":16},"end":{"line":1038,"column":34}},"562":{"start":{"line":1040,"column":16},"end":{"line":1040,"column":65}},"563":{"start":{"line":1041,"column":16},"end":{"line":1041,"column":65}},"564":{"start":{"line":1045,"column":12},"end":{"line":1057,"column":14}},"565":{"start":{"line":1046,"column":31},"end":{"line":1046,"column":83}},"566":{"start":{"line":1048,"column":20},"end":{"line":1048,"column":53}},"567":{"start":{"line":1050,"column":20},"end":{"line":1050,"column":61}},"568":{"start":{"line":1051,"column":20},"end":{"line":1051,"column":63}},"569":{"start":{"line":1052,"column":20},"end":{"line":1052,"column":60}},"570":{"start":{"line":1054,"column":20},"end":{"line":1054,"column":61}},"571":{"start":{"line":1055,"column":20},"end":{"line":1055,"column":63}},"572":{"start":{"line":1056,"column":20},"end":{"line":1056,"column":60}},"573":{"start":{"line":1061,"column":8},"end":{"line":1082,"column":10}},"574":{"start":{"line":1064,"column":12},"end":{"line":1071,"column":14}},"575":{"start":{"line":1065,"column":16},"end":{"line":1065,"column":172}},"576":{"start":{"line":1067,"column":16},"end":{"line":1067,"column":33}},"577":{"start":{"line":1069,"column":16},"end":{"line":1069,"column":64}},"578":{"start":{"line":1073,"column":12},"end":{"line":1080,"column":14}},"579":{"start":{"line":1074,"column":30},"end":{"line":1074,"column":76}},"580":{"start":{"line":1076,"column":20},"end":{"line":1076,"column":56}},"581":{"start":{"line":1077,"column":20},"end":{"line":1077,"column":59}},"582":{"start":{"line":1078,"column":20},"end":{"line":1078,"column":56}},"583":{"start":{"line":1084,"column":8},"end":{"line":1106,"column":10}},"584":{"start":{"line":1087,"column":12},"end":{"line":1096,"column":14}},"585":{"start":{"line":1088,"column":16},"end":{"line":1088,"column":172}},"586":{"start":{"line":1089,"column":16},"end":{"line":1089,"column":173}},"587":{"start":{"line":1091,"column":16},"end":{"line":1091,"column":33}},"588":{"start":{"line":1092,"column":16},"end":{"line":1092,"column":34}},"589":{"start":{"line":1094,"column":16},"end":{"line":1094,"column":65}},"590":{"start":{"line":1098,"column":12},"end":{"line":1104,"column":14}},"591":{"start":{"line":1099,"column":30},"end":{"line":1099,"column":90}},"592":{"start":{"line":1101,"column":20},"end":{"line":1101,"column":57}},"593":{"start":{"line":1102,"column":20},"end":{"line":1102,"column":59}},"594":{"start":{"line":1103,"column":20},"end":{"line":1103,"column":56}},"595":{"start":{"line":1108,"column":8},"end":{"line":1128,"column":10}},"596":{"start":{"line":1111,"column":12},"end":{"line":1120,"column":14}},"597":{"start":{"line":1112,"column":16},"end":{"line":1112,"column":172}},"598":{"start":{"line":1113,"column":16},"end":{"line":1113,"column":173}},"599":{"start":{"line":1115,"column":16},"end":{"line":1115,"column":33}},"600":{"start":{"line":1116,"column":16},"end":{"line":1116,"column":34}},"601":{"start":{"line":1118,"column":16},"end":{"line":1118,"column":65}},"602":{"start":{"line":1119,"column":16},"end":{"line":1119,"column":49}},"603":{"start":{"line":1122,"column":12},"end":{"line":1126,"column":14}},"604":{"start":{"line":1123,"column":30},"end":{"line":1123,"column":99}},"605":{"start":{"line":1125,"column":20},"end":{"line":1125,"column":52}},"606":{"start":{"line":1130,"column":8},"end":{"line":1151,"column":10}},"607":{"start":{"line":1133,"column":12},"end":{"line":1141,"column":14}},"608":{"start":{"line":1134,"column":16},"end":{"line":1134,"column":172}},"609":{"start":{"line":1136,"column":16},"end":{"line":1136,"column":33}},"610":{"start":{"line":1138,"column":16},"end":{"line":1138,"column":64}},"611":{"start":{"line":1139,"column":16},"end":{"line":1139,"column":69}},"612":{"start":{"line":1143,"column":12},"end":{"line":1150,"column":14}},"613":{"start":{"line":1144,"column":16},"end":{"line":1144,"column":58}},"614":{"start":{"line":1146,"column":31},"end":{"line":1146,"column":78}},"615":{"start":{"line":1148,"column":16},"end":{"line":1148,"column":42}},"616":{"start":{"line":1153,"column":8},"end":{"line":1173,"column":10}},"617":{"start":{"line":1156,"column":12},"end":{"line":1163,"column":14}},"618":{"start":{"line":1157,"column":16},"end":{"line":1157,"column":172}},"619":{"start":{"line":1159,"column":16},"end":{"line":1159,"column":33}},"620":{"start":{"line":1161,"column":16},"end":{"line":1161,"column":64}},"621":{"start":{"line":1162,"column":16},"end":{"line":1162,"column":69}},"622":{"start":{"line":1165,"column":12},"end":{"line":1172,"column":14}},"623":{"start":{"line":1166,"column":16},"end":{"line":1166,"column":88}},"624":{"start":{"line":1168,"column":31},"end":{"line":1168,"column":68}},"625":{"start":{"line":1170,"column":16},"end":{"line":1170,"column":64}},"626":{"start":{"line":1177,"column":4},"end":{"line":1367,"column":6}},"627":{"start":{"line":1179,"column":8},"end":{"line":1222,"column":10}},"628":{"start":{"line":1182,"column":12},"end":{"line":1211,"column":14}},"629":{"start":{"line":1183,"column":16},"end":{"line":1183,"column":172}},"630":{"start":{"line":1185,"column":16},"end":{"line":1185,"column":33}},"631":{"start":{"line":1187,"column":16},"end":{"line":1187,"column":64}},"632":{"start":{"line":1189,"column":16},"end":{"line":1189,"column":47}},"633":{"start":{"line":1191,"column":16},"end":{"line":1191,"column":50}},"634":{"start":{"line":1193,"column":16},"end":{"line":1201,"column":18}},"635":{"start":{"line":1194,"column":20},"end":{"line":1194,"column":29}},"636":{"start":{"line":1196,"column":20},"end":{"line":1196,"column":60}},"637":{"start":{"line":1196,"column":43},"end":{"line":1196,"column":59}},"638":{"start":{"line":1198,"column":20},"end":{"line":1198,"column":68}},"639":{"start":{"line":1198,"column":39},"end":{"line":1198,"column":67}},"640":{"start":{"line":1200,"column":20},"end":{"line":1200,"column":54}},"641":{"start":{"line":1200,"column":42},"end":{"line":1200,"column":53}},"642":{"start":{"line":1202,"column":31},"end":{"line":1202,"column":49}},"643":{"start":{"line":1204,"column":16},"end":{"line":1204,"column":33}},"644":{"start":{"line":1206,"column":16},"end":{"line":1206,"column":95}},"645":{"start":{"line":1207,"column":16},"end":{"line":1207,"column":95}},"646":{"start":{"line":1209,"column":16},"end":{"line":1209,"column":47}},"647":{"start":{"line":1213,"column":12},"end":{"line":1221,"column":14}},"648":{"start":{"line":1215,"column":16},"end":{"line":1215,"column":80}},"649":{"start":{"line":1217,"column":16},"end":{"line":1217,"column":48}},"650":{"start":{"line":1219,"column":16},"end":{"line":1219,"column":61}},"651":{"start":{"line":1224,"column":8},"end":{"line":1269,"column":10}},"652":{"start":{"line":1227,"column":12},"end":{"line":1260,"column":14}},"653":{"start":{"line":1228,"column":16},"end":{"line":1228,"column":172}},"654":{"start":{"line":1230,"column":16},"end":{"line":1230,"column":33}},"655":{"start":{"line":1232,"column":16},"end":{"line":1232,"column":64}},"656":{"start":{"line":1234,"column":16},"end":{"line":1234,"column":47}},"657":{"start":{"line":1236,"column":16},"end":{"line":1236,"column":50}},"658":{"start":{"line":1238,"column":16},"end":{"line":1246,"column":18}},"659":{"start":{"line":1239,"column":20},"end":{"line":1239,"column":29}},"660":{"start":{"line":1241,"column":20},"end":{"line":1241,"column":60}},"661":{"start":{"line":1241,"column":43},"end":{"line":1241,"column":59}},"662":{"start":{"line":1243,"column":20},"end":{"line":1243,"column":68}},"663":{"start":{"line":1243,"column":39},"end":{"line":1243,"column":67}},"664":{"start":{"line":1245,"column":20},"end":{"line":1245,"column":54}},"665":{"start":{"line":1245,"column":42},"end":{"line":1245,"column":53}},"666":{"start":{"line":1247,"column":31},"end":{"line":1247,"column":49}},"667":{"start":{"line":1249,"column":16},"end":{"line":1249,"column":33}},"668":{"start":{"line":1251,"column":16},"end":{"line":1251,"column":95}},"669":{"start":{"line":1252,"column":16},"end":{"line":1252,"column":95}},"670":{"start":{"line":1254,"column":16},"end":{"line":1254,"column":47}},"671":{"start":{"line":1256,"column":16},"end":{"line":1256,"column":80}},"672":{"start":{"line":1258,"column":16},"end":{"line":1258,"column":48}},"673":{"start":{"line":1262,"column":12},"end":{"line":1268,"column":14}},"674":{"start":{"line":1264,"column":30},"end":{"line":1264,"column":134}},"675":{"start":{"line":1266,"column":16},"end":{"line":1266,"column":50}},"676":{"start":{"line":1271,"column":8},"end":{"line":1318,"column":10}},"677":{"start":{"line":1274,"column":12},"end":{"line":1307,"column":14}},"678":{"start":{"line":1275,"column":16},"end":{"line":1275,"column":172}},"679":{"start":{"line":1277,"column":16},"end":{"line":1277,"column":33}},"680":{"start":{"line":1279,"column":16},"end":{"line":1279,"column":64}},"681":{"start":{"line":1281,"column":16},"end":{"line":1281,"column":47}},"682":{"start":{"line":1283,"column":16},"end":{"line":1283,"column":50}},"683":{"start":{"line":1285,"column":16},"end":{"line":1293,"column":18}},"684":{"start":{"line":1286,"column":20},"end":{"line":1286,"column":29}},"685":{"start":{"line":1288,"column":20},"end":{"line":1288,"column":60}},"686":{"start":{"line":1288,"column":43},"end":{"line":1288,"column":59}},"687":{"start":{"line":1290,"column":20},"end":{"line":1290,"column":68}},"688":{"start":{"line":1290,"column":39},"end":{"line":1290,"column":67}},"689":{"start":{"line":1292,"column":20},"end":{"line":1292,"column":54}},"690":{"start":{"line":1292,"column":42},"end":{"line":1292,"column":53}},"691":{"start":{"line":1294,"column":31},"end":{"line":1294,"column":49}},"692":{"start":{"line":1296,"column":16},"end":{"line":1296,"column":33}},"693":{"start":{"line":1298,"column":16},"end":{"line":1298,"column":95}},"694":{"start":{"line":1299,"column":16},"end":{"line":1299,"column":95}},"695":{"start":{"line":1301,"column":16},"end":{"line":1301,"column":47}},"696":{"start":{"line":1303,"column":16},"end":{"line":1303,"column":80}},"697":{"start":{"line":1305,"column":16},"end":{"line":1305,"column":48}},"698":{"start":{"line":1309,"column":12},"end":{"line":1317,"column":14}},"699":{"start":{"line":1311,"column":16},"end":{"line":1311,"column":112}},"700":{"start":{"line":1313,"column":16},"end":{"line":1313,"column":49}},"701":{"start":{"line":1315,"column":16},"end":{"line":1315,"column":71}},"702":{"start":{"line":1320,"column":8},"end":{"line":1365,"column":10}},"703":{"start":{"line":1323,"column":12},"end":{"line":1356,"column":14}},"704":{"start":{"line":1324,"column":16},"end":{"line":1324,"column":172}},"705":{"start":{"line":1326,"column":16},"end":{"line":1326,"column":33}},"706":{"start":{"line":1328,"column":16},"end":{"line":1328,"column":64}},"707":{"start":{"line":1330,"column":16},"end":{"line":1330,"column":47}},"708":{"start":{"line":1332,"column":16},"end":{"line":1332,"column":50}},"709":{"start":{"line":1334,"column":16},"end":{"line":1342,"column":18}},"710":{"start":{"line":1335,"column":20},"end":{"line":1335,"column":29}},"711":{"start":{"line":1337,"column":20},"end":{"line":1337,"column":60}},"712":{"start":{"line":1337,"column":43},"end":{"line":1337,"column":59}},"713":{"start":{"line":1339,"column":20},"end":{"line":1339,"column":68}},"714":{"start":{"line":1339,"column":39},"end":{"line":1339,"column":67}},"715":{"start":{"line":1341,"column":20},"end":{"line":1341,"column":54}},"716":{"start":{"line":1341,"column":42},"end":{"line":1341,"column":53}},"717":{"start":{"line":1343,"column":31},"end":{"line":1343,"column":49}},"718":{"start":{"line":1345,"column":16},"end":{"line":1345,"column":33}},"719":{"start":{"line":1347,"column":16},"end":{"line":1347,"column":95}},"720":{"start":{"line":1348,"column":16},"end":{"line":1348,"column":95}},"721":{"start":{"line":1350,"column":16},"end":{"line":1350,"column":47}},"722":{"start":{"line":1352,"column":16},"end":{"line":1352,"column":80}},"723":{"start":{"line":1354,"column":16},"end":{"line":1354,"column":48}},"724":{"start":{"line":1358,"column":12},"end":{"line":1364,"column":14}},"725":{"start":{"line":1360,"column":33},"end":{"line":1360,"column":96}},"726":{"start":{"line":1362,"column":16},"end":{"line":1362,"column":51}},"727":{"start":{"line":1369,"column":4},"end":{"line":1369,"column":38}},"728":{"start":{"line":1369,"column":16},"end":{"line":1369,"column":37}}},"fnMap":{"0":{"name":"(anonymous_0)","decl":{"start":{"line":14,"column":18},"end":{"line":14,"column":19}},"loc":{"start":{"line":14,"column":24},"end":{"line":1370,"column":1}},"line":14},"1":{"name":"(anonymous_1)","decl":{"start":{"line":16,"column":11},"end":{"line":16,"column":12}},"loc":{"start":{"line":16,"column":17},"end":{"line":16,"column":123}},"line":16},"2":{"name":"(anonymous_2)","decl":{"start":{"line":18,"column":15},"end":{"line":18,"column":16}},"loc":{"start":{"line":18,"column":21},"end":{"line":18,"column":91}},"line":18},"3":{"name":"(anonymous_3)","decl":{"start":{"line":19,"column":14},"end":{"line":19,"column":15}},"loc":{"start":{"line":19,"column":20},"end":{"line":19,"column":90}},"line":19},"4":{"name":"(anonymous_4)","decl":{"start":{"line":21,"column":21},"end":{"line":21,"column":22}},"loc":{"start":{"line":21,"column":27},"end":{"line":474,"column":5}},"line":21},"5":{"name":"(anonymous_5)","decl":{"start":{"line":22,"column":29},"end":{"line":22,"column":30}},"loc":{"start":{"line":22,"column":35},"end":{"line":53,"column":9}},"line":22},"6":{"name":"(anonymous_6)","decl":{"start":{"line":25,"column":23},"end":{"line":25,"column":24}},"loc":{"start":{"line":25,"column":29},"end":{"line":29,"column":13}},"line":25},"7":{"name":"(anonymous_7)","decl":{"start":{"line":31,"column":50},"end":{"line":31,"column":51}},"loc":{"start":{"line":31,"column":62},"end":{"line":46,"column":13}},"line":31},"8":{"name":"(anonymous_8)","decl":{"start":{"line":48,"column":48},"end":{"line":48,"column":49}},"loc":{"start":{"line":48,"column":60},"end":{"line":50,"column":13}},"line":48},"9":{"name":"(anonymous_9)","decl":{"start":{"line":49,"column":23},"end":{"line":49,"column":24}},"loc":{"start":{"line":49,"column":29},"end":{"line":49,"column":118}},"line":49},"10":{"name":"(anonymous_10)","decl":{"start":{"line":55,"column":33},"end":{"line":55,"column":34}},"loc":{"start":{"line":55,"column":39},"end":{"line":77,"column":9}},"line":55},"11":{"name":"(anonymous_11)","decl":{"start":{"line":58,"column":23},"end":{"line":58,"column":24}},"loc":{"start":{"line":58,"column":29},"end":{"line":58,"column":194}},"line":58},"12":{"name":"(anonymous_12)","decl":{"start":{"line":60,"column":61},"end":{"line":60,"column":62}},"loc":{"start":{"line":60,"column":73},"end":{"line":70,"column":13}},"line":60},"13":{"name":"(anonymous_13)","decl":{"start":{"line":72,"column":52},"end":{"line":72,"column":53}},"loc":{"start":{"line":72,"column":64},"end":{"line":74,"column":13}},"line":72},"14":{"name":"(anonymous_14)","decl":{"start":{"line":73,"column":23},"end":{"line":73,"column":24}},"loc":{"start":{"line":73,"column":29},"end":{"line":73,"column":77}},"line":73},"15":{"name":"(anonymous_15)","decl":{"start":{"line":79,"column":34},"end":{"line":79,"column":35}},"loc":{"start":{"line":79,"column":40},"end":{"line":107,"column":9}},"line":79},"16":{"name":"(anonymous_16)","decl":{"start":{"line":82,"column":24},"end":{"line":82,"column":25}},"loc":{"start":{"line":82,"column":36},"end":{"line":92,"column":13}},"line":82},"17":{"name":"(anonymous_17)","decl":{"start":{"line":94,"column":45},"end":{"line":94,"column":46}},"loc":{"start":{"line":94,"column":56},"end":{"line":106,"column":13}},"line":94},"18":{"name":"(anonymous_18)","decl":{"start":{"line":109,"column":27},"end":{"line":109,"column":28}},"loc":{"start":{"line":109,"column":33},"end":{"line":203,"column":9}},"line":109},"19":{"name":"(anonymous_19)","decl":{"start":{"line":112,"column":23},"end":{"line":112,"column":24}},"loc":{"start":{"line":112,"column":35},"end":{"line":116,"column":13}},"line":112},"20":{"name":"(anonymous_20)","decl":{"start":{"line":118,"column":61},"end":{"line":118,"column":62}},"loc":{"start":{"line":118,"column":73},"end":{"line":135,"column":13}},"line":118},"21":{"name":"(anonymous_21)","decl":{"start":{"line":137,"column":85},"end":{"line":137,"column":86}},"loc":{"start":{"line":137,"column":97},"end":{"line":149,"column":13}},"line":137},"22":{"name":"(anonymous_22)","decl":{"start":{"line":151,"column":88},"end":{"line":151,"column":89}},"loc":{"start":{"line":151,"column":100},"end":{"line":162,"column":13}},"line":151},"23":{"name":"(anonymous_23)","decl":{"start":{"line":166,"column":46},"end":{"line":166,"column":47}},"loc":{"start":{"line":166,"column":52},"end":{"line":169,"column":13}},"line":166},"24":{"name":"(anonymous_24)","decl":{"start":{"line":168,"column":23},"end":{"line":168,"column":24}},"loc":{"start":{"line":168,"column":29},"end":{"line":168,"column":80}},"line":168},"25":{"name":"(anonymous_25)","decl":{"start":{"line":173,"column":43},"end":{"line":173,"column":44}},"loc":{"start":{"line":173,"column":49},"end":{"line":202,"column":13}},"line":173},"26":{"name":"(anonymous_26)","decl":{"start":{"line":176,"column":28},"end":{"line":176,"column":29}},"loc":{"start":{"line":176,"column":40},"end":{"line":181,"column":17}},"line":176},"27":{"name":"(anonymous_27)","decl":{"start":{"line":183,"column":65},"end":{"line":183,"column":66}},"loc":{"start":{"line":183,"column":77},"end":{"line":199,"column":17}},"line":183},"28":{"name":"(anonymous_28)","decl":{"start":{"line":205,"column":32},"end":{"line":205,"column":33}},"loc":{"start":{"line":205,"column":38},"end":{"line":230,"column":9}},"line":205},"29":{"name":"(anonymous_29)","decl":{"start":{"line":208,"column":24},"end":{"line":208,"column":25}},"loc":{"start":{"line":208,"column":36},"end":{"line":217,"column":13}},"line":208},"30":{"name":"(anonymous_30)","decl":{"start":{"line":219,"column":46},"end":{"line":219,"column":47}},"loc":{"start":{"line":219,"column":57},"end":{"line":229,"column":13}},"line":219},"31":{"name":"(anonymous_31)","decl":{"start":{"line":232,"column":34},"end":{"line":232,"column":35}},"loc":{"start":{"line":232,"column":40},"end":{"line":255,"column":9}},"line":232},"32":{"name":"(anonymous_32)","decl":{"start":{"line":235,"column":24},"end":{"line":235,"column":25}},"loc":{"start":{"line":235,"column":36},"end":{"line":245,"column":13}},"line":235},"33":{"name":"(anonymous_33)","decl":{"start":{"line":247,"column":46},"end":{"line":247,"column":47}},"loc":{"start":{"line":247,"column":57},"end":{"line":254,"column":13}},"line":247},"34":{"name":"(anonymous_34)","decl":{"start":{"line":257,"column":31},"end":{"line":257,"column":32}},"loc":{"start":{"line":257,"column":37},"end":{"line":276,"column":9}},"line":257},"35":{"name":"(anonymous_35)","decl":{"start":{"line":260,"column":24},"end":{"line":260,"column":25}},"loc":{"start":{"line":260,"column":36},"end":{"line":269,"column":13}},"line":260},"36":{"name":"(anonymous_36)","decl":{"start":{"line":271,"column":46},"end":{"line":271,"column":47}},"loc":{"start":{"line":271,"column":57},"end":{"line":275,"column":13}},"line":271},"37":{"name":"(anonymous_37)","decl":{"start":{"line":278,"column":31},"end":{"line":278,"column":32}},"loc":{"start":{"line":278,"column":37},"end":{"line":329,"column":9}},"line":278},"38":{"name":"(anonymous_38)","decl":{"start":{"line":281,"column":24},"end":{"line":281,"column":25}},"loc":{"start":{"line":281,"column":36},"end":{"line":310,"column":13}},"line":281},"39":{"name":"(anonymous_39)","decl":{"start":{"line":298,"column":43},"end":{"line":298,"column":44}},"loc":{"start":{"line":298,"column":64},"end":{"line":306,"column":17}},"line":298},"40":{"name":"(anonymous_40)","decl":{"start":{"line":301,"column":34},"end":{"line":301,"column":35}},"loc":{"start":{"line":301,"column":43},"end":{"line":301,"column":59}},"line":301},"41":{"name":"(anonymous_41)","decl":{"start":{"line":303,"column":33},"end":{"line":303,"column":34}},"loc":{"start":{"line":303,"column":39},"end":{"line":303,"column":67}},"line":303},"42":{"name":"(anonymous_42)","decl":{"start":{"line":305,"column":35},"end":{"line":305,"column":36}},"loc":{"start":{"line":305,"column":42},"end":{"line":305,"column":53}},"line":305},"43":{"name":"(anonymous_43)","decl":{"start":{"line":312,"column":49},"end":{"line":312,"column":50}},"loc":{"start":{"line":312,"column":61},"end":{"line":323,"column":13}},"line":312},"44":{"name":"(anonymous_44)","decl":{"start":{"line":325,"column":48},"end":{"line":325,"column":49}},"loc":{"start":{"line":325,"column":60},"end":{"line":328,"column":13}},"line":325},"45":{"name":"(anonymous_45)","decl":{"start":{"line":326,"column":23},"end":{"line":326,"column":24}},"loc":{"start":{"line":326,"column":29},"end":{"line":326,"column":154}},"line":326},"46":{"name":"(anonymous_46)","decl":{"start":{"line":331,"column":34},"end":{"line":331,"column":35}},"loc":{"start":{"line":331,"column":40},"end":{"line":380,"column":9}},"line":331},"47":{"name":"(anonymous_47)","decl":{"start":{"line":334,"column":24},"end":{"line":334,"column":25}},"loc":{"start":{"line":334,"column":36},"end":{"line":365,"column":13}},"line":334},"48":{"name":"(anonymous_48)","decl":{"start":{"line":351,"column":43},"end":{"line":351,"column":44}},"loc":{"start":{"line":351,"column":64},"end":{"line":359,"column":17}},"line":351},"49":{"name":"(anonymous_49)","decl":{"start":{"line":354,"column":34},"end":{"line":354,"column":35}},"loc":{"start":{"line":354,"column":43},"end":{"line":354,"column":59}},"line":354},"50":{"name":"(anonymous_50)","decl":{"start":{"line":356,"column":33},"end":{"line":356,"column":34}},"loc":{"start":{"line":356,"column":39},"end":{"line":356,"column":67}},"line":356},"51":{"name":"(anonymous_51)","decl":{"start":{"line":358,"column":35},"end":{"line":358,"column":36}},"loc":{"start":{"line":358,"column":42},"end":{"line":358,"column":53}},"line":358},"52":{"name":"(anonymous_52)","decl":{"start":{"line":367,"column":49},"end":{"line":367,"column":50}},"loc":{"start":{"line":367,"column":61},"end":{"line":378,"column":13}},"line":367},"53":{"name":"(anonymous_53)","decl":{"start":{"line":382,"column":50},"end":{"line":382,"column":51}},"loc":{"start":{"line":382,"column":56},"end":{"line":425,"column":9}},"line":382},"54":{"name":"(anonymous_54)","decl":{"start":{"line":385,"column":24},"end":{"line":385,"column":25}},"loc":{"start":{"line":385,"column":36},"end":{"line":416,"column":13}},"line":385},"55":{"name":"(anonymous_55)","decl":{"start":{"line":402,"column":43},"end":{"line":402,"column":44}},"loc":{"start":{"line":402,"column":64},"end":{"line":410,"column":17}},"line":402},"56":{"name":"(anonymous_56)","decl":{"start":{"line":405,"column":34},"end":{"line":405,"column":35}},"loc":{"start":{"line":405,"column":43},"end":{"line":405,"column":59}},"line":405},"57":{"name":"(anonymous_57)","decl":{"start":{"line":407,"column":33},"end":{"line":407,"column":34}},"loc":{"start":{"line":407,"column":39},"end":{"line":407,"column":67}},"line":407},"58":{"name":"(anonymous_58)","decl":{"start":{"line":409,"column":35},"end":{"line":409,"column":36}},"loc":{"start":{"line":409,"column":42},"end":{"line":409,"column":53}},"line":409},"59":{"name":"(anonymous_59)","decl":{"start":{"line":418,"column":49},"end":{"line":418,"column":50}},"loc":{"start":{"line":418,"column":61},"end":{"line":423,"column":13}},"line":418},"60":{"name":"(anonymous_60)","decl":{"start":{"line":427,"column":34},"end":{"line":427,"column":35}},"loc":{"start":{"line":427,"column":40},"end":{"line":472,"column":9}},"line":427},"61":{"name":"(anonymous_61)","decl":{"start":{"line":430,"column":24},"end":{"line":430,"column":25}},"loc":{"start":{"line":430,"column":36},"end":{"line":461,"column":13}},"line":430},"62":{"name":"(anonymous_62)","decl":{"start":{"line":447,"column":43},"end":{"line":447,"column":44}},"loc":{"start":{"line":447,"column":64},"end":{"line":455,"column":17}},"line":447},"63":{"name":"(anonymous_63)","decl":{"start":{"line":450,"column":34},"end":{"line":450,"column":35}},"loc":{"start":{"line":450,"column":43},"end":{"line":450,"column":59}},"line":450},"64":{"name":"(anonymous_64)","decl":{"start":{"line":452,"column":33},"end":{"line":452,"column":34}},"loc":{"start":{"line":452,"column":39},"end":{"line":452,"column":67}},"line":452},"65":{"name":"(anonymous_65)","decl":{"start":{"line":454,"column":35},"end":{"line":454,"column":36}},"loc":{"start":{"line":454,"column":42},"end":{"line":454,"column":53}},"line":454},"66":{"name":"(anonymous_66)","decl":{"start":{"line":463,"column":49},"end":{"line":463,"column":50}},"loc":{"start":{"line":463,"column":61},"end":{"line":470,"column":13}},"line":463},"67":{"name":"(anonymous_67)","decl":{"start":{"line":476,"column":21},"end":{"line":476,"column":22}},"loc":{"start":{"line":476,"column":27},"end":{"line":971,"column":5}},"line":476},"68":{"name":"(anonymous_68)","decl":{"start":{"line":477,"column":24},"end":{"line":477,"column":25}},"loc":{"start":{"line":477,"column":30},"end":{"line":521,"column":9}},"line":477},"69":{"name":"(anonymous_69)","decl":{"start":{"line":480,"column":24},"end":{"line":480,"column":25}},"loc":{"start":{"line":480,"column":36},"end":{"line":490,"column":13}},"line":480},"70":{"name":"(anonymous_70)","decl":{"start":{"line":492,"column":49},"end":{"line":492,"column":50}},"loc":{"start":{"line":492,"column":61},"end":{"line":518,"column":13}},"line":492},"71":{"name":"(anonymous_71)","decl":{"start":{"line":497,"column":49},"end":{"line":497,"column":50}},"loc":{"start":{"line":497,"column":70},"end":{"line":505,"column":17}},"line":497},"72":{"name":"(anonymous_72)","decl":{"start":{"line":500,"column":34},"end":{"line":500,"column":35}},"loc":{"start":{"line":500,"column":43},"end":{"line":500,"column":59}},"line":500},"73":{"name":"(anonymous_73)","decl":{"start":{"line":502,"column":33},"end":{"line":502,"column":34}},"loc":{"start":{"line":502,"column":39},"end":{"line":502,"column":67}},"line":502},"74":{"name":"(anonymous_74)","decl":{"start":{"line":504,"column":35},"end":{"line":504,"column":36}},"loc":{"start":{"line":504,"column":42},"end":{"line":504,"column":53}},"line":504},"75":{"name":"(anonymous_75)","decl":{"start":{"line":523,"column":33},"end":{"line":523,"column":34}},"loc":{"start":{"line":523,"column":39},"end":{"line":568,"column":9}},"line":523},"76":{"name":"(anonymous_76)","decl":{"start":{"line":526,"column":24},"end":{"line":526,"column":25}},"loc":{"start":{"line":526,"column":36},"end":{"line":555,"column":13}},"line":526},"77":{"name":"(anonymous_77)","decl":{"start":{"line":541,"column":43},"end":{"line":541,"column":44}},"loc":{"start":{"line":541,"column":64},"end":{"line":549,"column":17}},"line":541},"78":{"name":"(anonymous_78)","decl":{"start":{"line":544,"column":34},"end":{"line":544,"column":35}},"loc":{"start":{"line":544,"column":43},"end":{"line":544,"column":59}},"line":544},"79":{"name":"(anonymous_79)","decl":{"start":{"line":546,"column":33},"end":{"line":546,"column":34}},"loc":{"start":{"line":546,"column":39},"end":{"line":546,"column":67}},"line":546},"80":{"name":"(anonymous_80)","decl":{"start":{"line":548,"column":35},"end":{"line":548,"column":36}},"loc":{"start":{"line":548,"column":42},"end":{"line":548,"column":53}},"line":548},"81":{"name":"(anonymous_81)","decl":{"start":{"line":557,"column":49},"end":{"line":557,"column":50}},"loc":{"start":{"line":557,"column":61},"end":{"line":565,"column":13}},"line":557},"82":{"name":"(anonymous_82)","decl":{"start":{"line":571,"column":25},"end":{"line":571,"column":26}},"loc":{"start":{"line":571,"column":31},"end":{"line":618,"column":9}},"line":571},"83":{"name":"(anonymous_83)","decl":{"start":{"line":574,"column":23},"end":{"line":574,"column":24}},"loc":{"start":{"line":574,"column":35},"end":{"line":602,"column":13}},"line":574},"84":{"name":"(anonymous_84)","decl":{"start":{"line":589,"column":43},"end":{"line":589,"column":44}},"loc":{"start":{"line":589,"column":64},"end":{"line":597,"column":17}},"line":589},"85":{"name":"(anonymous_85)","decl":{"start":{"line":592,"column":34},"end":{"line":592,"column":35}},"loc":{"start":{"line":592,"column":43},"end":{"line":592,"column":59}},"line":592},"86":{"name":"(anonymous_86)","decl":{"start":{"line":594,"column":33},"end":{"line":594,"column":34}},"loc":{"start":{"line":594,"column":39},"end":{"line":594,"column":67}},"line":594},"87":{"name":"(anonymous_87)","decl":{"start":{"line":596,"column":35},"end":{"line":596,"column":36}},"loc":{"start":{"line":596,"column":42},"end":{"line":596,"column":53}},"line":596},"88":{"name":"(anonymous_88)","decl":{"start":{"line":604,"column":49},"end":{"line":604,"column":50}},"loc":{"start":{"line":604,"column":60},"end":{"line":617,"column":13}},"line":604},"89":{"name":"(anonymous_89)","decl":{"start":{"line":620,"column":44},"end":{"line":620,"column":45}},"loc":{"start":{"line":620,"column":50},"end":{"line":667,"column":9}},"line":620},"90":{"name":"(anonymous_90)","decl":{"start":{"line":623,"column":23},"end":{"line":623,"column":24}},"loc":{"start":{"line":623,"column":35},"end":{"line":652,"column":13}},"line":623},"91":{"name":"(anonymous_91)","decl":{"start":{"line":638,"column":43},"end":{"line":638,"column":44}},"loc":{"start":{"line":638,"column":64},"end":{"line":646,"column":17}},"line":638},"92":{"name":"(anonymous_92)","decl":{"start":{"line":641,"column":34},"end":{"line":641,"column":35}},"loc":{"start":{"line":641,"column":43},"end":{"line":641,"column":59}},"line":641},"93":{"name":"(anonymous_93)","decl":{"start":{"line":643,"column":33},"end":{"line":643,"column":34}},"loc":{"start":{"line":643,"column":39},"end":{"line":643,"column":67}},"line":643},"94":{"name":"(anonymous_94)","decl":{"start":{"line":645,"column":35},"end":{"line":645,"column":36}},"loc":{"start":{"line":645,"column":42},"end":{"line":645,"column":53}},"line":645},"95":{"name":"(anonymous_95)","decl":{"start":{"line":654,"column":49},"end":{"line":654,"column":50}},"loc":{"start":{"line":654,"column":60},"end":{"line":666,"column":13}},"line":654},"96":{"name":"(anonymous_96)","decl":{"start":{"line":669,"column":43},"end":{"line":669,"column":44}},"loc":{"start":{"line":669,"column":49},"end":{"line":707,"column":9}},"line":669},"97":{"name":"(anonymous_97)","decl":{"start":{"line":672,"column":23},"end":{"line":672,"column":24}},"loc":{"start":{"line":672,"column":35},"end":{"line":699,"column":13}},"line":672},"98":{"name":"(anonymous_98)","decl":{"start":{"line":683,"column":43},"end":{"line":683,"column":44}},"loc":{"start":{"line":683,"column":64},"end":{"line":691,"column":17}},"line":683},"99":{"name":"(anonymous_99)","decl":{"start":{"line":686,"column":34},"end":{"line":686,"column":35}},"loc":{"start":{"line":686,"column":43},"end":{"line":686,"column":59}},"line":686},"100":{"name":"(anonymous_100)","decl":{"start":{"line":688,"column":33},"end":{"line":688,"column":34}},"loc":{"start":{"line":688,"column":39},"end":{"line":688,"column":67}},"line":688},"101":{"name":"(anonymous_101)","decl":{"start":{"line":690,"column":35},"end":{"line":690,"column":36}},"loc":{"start":{"line":690,"column":42},"end":{"line":690,"column":53}},"line":690},"102":{"name":"(anonymous_102)","decl":{"start":{"line":701,"column":49},"end":{"line":701,"column":50}},"loc":{"start":{"line":701,"column":60},"end":{"line":706,"column":13}},"line":701},"103":{"name":"(anonymous_103)","decl":{"start":{"line":709,"column":57},"end":{"line":709,"column":58}},"loc":{"start":{"line":709,"column":63},"end":{"line":751,"column":9}},"line":709},"104":{"name":"(anonymous_104)","decl":{"start":{"line":712,"column":23},"end":{"line":712,"column":24}},"loc":{"start":{"line":712,"column":35},"end":{"line":743,"column":13}},"line":712},"105":{"name":"(anonymous_105)","decl":{"start":{"line":727,"column":43},"end":{"line":727,"column":44}},"loc":{"start":{"line":727,"column":64},"end":{"line":735,"column":17}},"line":727},"106":{"name":"(anonymous_106)","decl":{"start":{"line":730,"column":34},"end":{"line":730,"column":35}},"loc":{"start":{"line":730,"column":43},"end":{"line":730,"column":59}},"line":730},"107":{"name":"(anonymous_107)","decl":{"start":{"line":732,"column":33},"end":{"line":732,"column":34}},"loc":{"start":{"line":732,"column":39},"end":{"line":732,"column":67}},"line":732},"108":{"name":"(anonymous_108)","decl":{"start":{"line":734,"column":35},"end":{"line":734,"column":36}},"loc":{"start":{"line":734,"column":42},"end":{"line":734,"column":53}},"line":734},"109":{"name":"(anonymous_109)","decl":{"start":{"line":745,"column":49},"end":{"line":745,"column":50}},"loc":{"start":{"line":745,"column":60},"end":{"line":750,"column":13}},"line":745},"110":{"name":"(anonymous_110)","decl":{"start":{"line":753,"column":31},"end":{"line":753,"column":32}},"loc":{"start":{"line":753,"column":37},"end":{"line":792,"column":9}},"line":753},"111":{"name":"(anonymous_111)","decl":{"start":{"line":756,"column":23},"end":{"line":756,"column":24}},"loc":{"start":{"line":756,"column":35},"end":{"line":783,"column":13}},"line":756},"112":{"name":"(anonymous_112)","decl":{"start":{"line":767,"column":43},"end":{"line":767,"column":44}},"loc":{"start":{"line":767,"column":64},"end":{"line":775,"column":17}},"line":767},"113":{"name":"(anonymous_113)","decl":{"start":{"line":770,"column":34},"end":{"line":770,"column":35}},"loc":{"start":{"line":770,"column":43},"end":{"line":770,"column":59}},"line":770},"114":{"name":"(anonymous_114)","decl":{"start":{"line":772,"column":33},"end":{"line":772,"column":34}},"loc":{"start":{"line":772,"column":39},"end":{"line":772,"column":67}},"line":772},"115":{"name":"(anonymous_115)","decl":{"start":{"line":774,"column":35},"end":{"line":774,"column":36}},"loc":{"start":{"line":774,"column":42},"end":{"line":774,"column":53}},"line":774},"116":{"name":"(anonymous_116)","decl":{"start":{"line":785,"column":49},"end":{"line":785,"column":50}},"loc":{"start":{"line":785,"column":60},"end":{"line":791,"column":13}},"line":785},"117":{"name":"(anonymous_117)","decl":{"start":{"line":794,"column":34},"end":{"line":794,"column":35}},"loc":{"start":{"line":794,"column":40},"end":{"line":832,"column":9}},"line":794},"118":{"name":"(anonymous_118)","decl":{"start":{"line":797,"column":23},"end":{"line":797,"column":24}},"loc":{"start":{"line":797,"column":35},"end":{"line":824,"column":13}},"line":797},"119":{"name":"(anonymous_119)","decl":{"start":{"line":808,"column":43},"end":{"line":808,"column":44}},"loc":{"start":{"line":808,"column":64},"end":{"line":816,"column":17}},"line":808},"120":{"name":"(anonymous_120)","decl":{"start":{"line":811,"column":34},"end":{"line":811,"column":35}},"loc":{"start":{"line":811,"column":43},"end":{"line":811,"column":59}},"line":811},"121":{"name":"(anonymous_121)","decl":{"start":{"line":813,"column":33},"end":{"line":813,"column":34}},"loc":{"start":{"line":813,"column":39},"end":{"line":813,"column":67}},"line":813},"122":{"name":"(anonymous_122)","decl":{"start":{"line":815,"column":35},"end":{"line":815,"column":36}},"loc":{"start":{"line":815,"column":42},"end":{"line":815,"column":53}},"line":815},"123":{"name":"(anonymous_123)","decl":{"start":{"line":826,"column":49},"end":{"line":826,"column":50}},"loc":{"start":{"line":826,"column":60},"end":{"line":831,"column":13}},"line":826},"124":{"name":"(anonymous_124)","decl":{"start":{"line":834,"column":37},"end":{"line":834,"column":38}},"loc":{"start":{"line":834,"column":43},"end":{"line":879,"column":9}},"line":834},"125":{"name":"(anonymous_125)","decl":{"start":{"line":837,"column":23},"end":{"line":837,"column":24}},"loc":{"start":{"line":837,"column":35},"end":{"line":870,"column":13}},"line":837},"126":{"name":"(anonymous_126)","decl":{"start":{"line":852,"column":43},"end":{"line":852,"column":44}},"loc":{"start":{"line":852,"column":64},"end":{"line":860,"column":17}},"line":852},"127":{"name":"(anonymous_127)","decl":{"start":{"line":855,"column":34},"end":{"line":855,"column":35}},"loc":{"start":{"line":855,"column":43},"end":{"line":855,"column":59}},"line":855},"128":{"name":"(anonymous_128)","decl":{"start":{"line":857,"column":33},"end":{"line":857,"column":34}},"loc":{"start":{"line":857,"column":39},"end":{"line":857,"column":67}},"line":857},"129":{"name":"(anonymous_129)","decl":{"start":{"line":859,"column":35},"end":{"line":859,"column":36}},"loc":{"start":{"line":859,"column":42},"end":{"line":859,"column":53}},"line":859},"130":{"name":"(anonymous_130)","decl":{"start":{"line":872,"column":49},"end":{"line":872,"column":50}},"loc":{"start":{"line":872,"column":60},"end":{"line":878,"column":13}},"line":872},"131":{"name":"(anonymous_131)","decl":{"start":{"line":881,"column":31},"end":{"line":881,"column":32}},"loc":{"start":{"line":881,"column":37},"end":{"line":924,"column":9}},"line":881},"132":{"name":"(anonymous_132)","decl":{"start":{"line":884,"column":23},"end":{"line":884,"column":24}},"loc":{"start":{"line":884,"column":35},"end":{"line":913,"column":13}},"line":884},"133":{"name":"(anonymous_133)","decl":{"start":{"line":895,"column":43},"end":{"line":895,"column":44}},"loc":{"start":{"line":895,"column":64},"end":{"line":903,"column":17}},"line":895},"134":{"name":"(anonymous_134)","decl":{"start":{"line":898,"column":34},"end":{"line":898,"column":35}},"loc":{"start":{"line":898,"column":43},"end":{"line":898,"column":59}},"line":898},"135":{"name":"(anonymous_135)","decl":{"start":{"line":900,"column":33},"end":{"line":900,"column":34}},"loc":{"start":{"line":900,"column":39},"end":{"line":900,"column":67}},"line":900},"136":{"name":"(anonymous_136)","decl":{"start":{"line":902,"column":35},"end":{"line":902,"column":36}},"loc":{"start":{"line":902,"column":42},"end":{"line":902,"column":53}},"line":902},"137":{"name":"(anonymous_137)","decl":{"start":{"line":915,"column":49},"end":{"line":915,"column":50}},"loc":{"start":{"line":915,"column":60},"end":{"line":923,"column":13}},"line":915},"138":{"name":"(anonymous_138)","decl":{"start":{"line":926,"column":31},"end":{"line":926,"column":32}},"loc":{"start":{"line":926,"column":37},"end":{"line":969,"column":9}},"line":926},"139":{"name":"(anonymous_139)","decl":{"start":{"line":929,"column":23},"end":{"line":929,"column":24}},"loc":{"start":{"line":929,"column":35},"end":{"line":958,"column":13}},"line":929},"140":{"name":"(anonymous_140)","decl":{"start":{"line":940,"column":43},"end":{"line":940,"column":44}},"loc":{"start":{"line":940,"column":64},"end":{"line":948,"column":17}},"line":940},"141":{"name":"(anonymous_141)","decl":{"start":{"line":943,"column":34},"end":{"line":943,"column":35}},"loc":{"start":{"line":943,"column":43},"end":{"line":943,"column":59}},"line":943},"142":{"name":"(anonymous_142)","decl":{"start":{"line":945,"column":33},"end":{"line":945,"column":34}},"loc":{"start":{"line":945,"column":39},"end":{"line":945,"column":67}},"line":945},"143":{"name":"(anonymous_143)","decl":{"start":{"line":947,"column":35},"end":{"line":947,"column":36}},"loc":{"start":{"line":947,"column":42},"end":{"line":947,"column":53}},"line":947},"144":{"name":"(anonymous_144)","decl":{"start":{"line":960,"column":49},"end":{"line":960,"column":50}},"loc":{"start":{"line":960,"column":60},"end":{"line":968,"column":13}},"line":960},"145":{"name":"(anon
[...]
,"186":4,"187":1,"188":1,"189":1,"190":1,"191":0,"192":1,"193":1,"194":0,"195":1,"196":1,"197":1,"198":1,"199":0,"200":1,"201":1,"202":1,"203":1,"204":0,"205":1,"206":1,"207":0,"208":1,"209":1,"210":1,"211":1,"212":0,"213":1,"214":1,"215":1,"216":2,"217":1,"218":2,"219":1,"220":1,"221":1,"222":2,"223":2,"224":2,"225":2,"226":0,"227":2,"228":2,"229":0,"230":2,"231":2,"232":0,"233":2,"234":2,"235":2,"236":0,"237":0,"238":0,"239":0,"240":0,"241":0,"242":0,"243":0,"244":2,"245":2,"246":2,"247":33,"248":33,"249":33,"250":0,"251":33,"252":33,"253":33,"254":33,"255":33,"256":0,"257":33,"258":33,"259":33,"260":0,"261":33,"262":33,"263":33,"264":33,"265":33,"266":33,"267":33,"268":33,"269":33,"270":33,"271":33,"272":1,"273":1,"274":1,"275":1,"276":0,"277":1,"278":1,"279":0,"280":1,"281":1,"282":1,"283":1,"284":1,"285":1,"286":0,"287":0,"288":0,"289":0,"290":1,"291":1,"292":1,"293":1,"294":1,"295":1,"296":1,"297":1,"298":0,"299":1,"300":1,"301":1,"302":1,"303":1,"304":1,"305":0,"306":1,"307":1,"308":0,"309":1,"310":1,"311":1,"312":1,"313":1,"314":2,"315":1,"316":2,"317":2,"318":2,"319":2,"320":2,"321":2,"322":1,"323":2,"324":2,"325":2,"326":2,"327":0,"328":2,"329":2,"330":0,"331":2,"332":2,"333":4,"334":4,"335":4,"336":2,"337":1,"338":1,"339":1,"340":1,"341":0,"342":1,"343":1,"344":0,"345":1,"346":1,"347":0,"348":1,"349":1,"350":2,"351":2,"352":2,"353":1,"354":1,"355":1,"356":1,"357":1,"358":0,"359":1,"360":1,"361":0,"362":1,"363":1,"364":2,"365":1,"366":1,"367":1,"368":1,"369":1,"370":1,"371":1,"372":1,"373":1,"374":1,"375":0,"376":1,"377":1,"378":2,"379":2,"380":2,"381":2,"382":2,"383":2,"384":0,"385":0,"386":2,"387":0,"388":0,"389":0,"390":0,"391":0,"392":2,"393":1,"394":1,"395":1,"396":1,"397":1,"398":0,"399":1,"400":1,"401":0,"402":1,"403":1,"404":1,"405":1,"406":1,"407":1,"408":0,"409":1,"410":1,"411":0,"412":1,"413":1,"414":1,"415":1,"416":1,"417":0,"418":1,"419":1,"420":0,"421":1,"422":1,"423":1,"424":22,"425":22,"426":22,"427":22,"428":0,"429":22,"430":22,"431":0,"432":22,"433":22,"434":22,"435":22,"436":22,"437":22,"438":22,"439":22,"440":22,"441":1,"442":1,"443":1,"444":1,"445":0,"446":1,"447":1,"448":2,"449":2,"450":2,"451":2,"452":2,"453":2,"454":2,"455":2,"456":2,"457":1,"458":1,"459":1,"460":1,"461":1,"462":0,"463":1,"464":1,"465":0,"466":1,"467":1,"468":2,"469":2,"470":2,"471":2,"472":2,"473":2,"474":2,"475":2,"476":2,"477":1,"478":3,"479":3,"480":3,"481":3,"482":0,"483":3,"484":3,"485":3,"486":3,"487":3,"488":3,"489":3,"490":3,"491":3,"492":3,"493":1,"494":1,"495":1,"496":1,"497":0,"498":1,"499":1,"500":0,"501":1,"502":1,"503":1,"504":1,"505":1,"506":1,"507":1,"508":1,"509":1,"510":1,"511":1,"512":1,"513":1,"514":1,"515":0,"516":1,"517":1,"518":0,"519":1,"520":1,"521":0,"522":1,"523":0,"524":1,"525":0,"526":0,"527":0,"528":0,"529":0,"530":0,"531":1,"532":1,"533":1,"534":1,"535":1,"536":0,"537":1,"538":1,"539":0,"540":1,"541":1,"542":1,"543":0,"544":0,"545":0,"546":1,"547":0,"548":1,"549":1,"550":1,"551":1,"552":1,"553":1,"554":1,"555":1,"556":0,"557":1,"558":1,"559":0,"560":1,"561":1,"562":1,"563":1,"564":1,"565":1,"566":1,"567":0,"568":0,"569":0,"570":0,"571":0,"572":1,"573":0,"574":0,"575":0,"576":0,"577":0,"578":0,"579":0,"580":0,"581":0,"582":0,"583":0,"584":0,"585":0,"586":0,"587":0,"588":0,"589":0,"590":0,"591":0,"592":0,"593":0,"594":4,"595":4,"596":4,"597":4,"598":0,"599":4,"600":4,"601":0,"602":4,"603":4,"604":0,"605":4,"606":4,"607":1,"608":1,"609":1,"610":1,"611":0,"612":1,"613":1,"614":0,"615":1,"616":1,"617":1,"618":0,"619":1,"620":0,"621":0,"622":0,"623":0,"624":0,"625":0,"626":0,"627":0,"628":0,"629":0,"630":0,"631":0,"632":0,"633":0,"634":0,"635":0,"636":0,"637":0,"638":0,"639":0,"640":0,"641":0,"642":0,"643":0,"644":0,"645":0,"646":0,"647":0,"648":0,"649":0,"650":0,"651":0,"652":0,"653":0,"654":0,"655":0,"656":0,"657":0,"658":0,"659":0,"660":0,"661":0,"662":0,"663":0,"664":0,"665":0,"666":0,"667":0,"668":0,"669":0,"670":0,"671":0,"672":0,"673":0,"674":0,"675":0,"676":0,"677":0,"678":0,"679":1,"680":1,"681":1,"682":1,"683":0,"684":1,"685":1,"686":0,"687":1,"688":1,"689":0,"690":0,"691":0,"692":0,"693":0,"694":1,"695":1,"696":0,"697":0,"698":0,"699":0,"700":0,"701":0,"702":0,"703":0,"704":0,"705":0,"706":0,"707":0,"708":0,"709":0,"710":0,"711":0,"712":0,"713":0,"714":0,"715":0,"716":0,"717":0,"718":0,"719":0,"720":0,"721":0,"722":0,"723":0,"724":0,"725":1,"726":1,"727":1,"728":1,"729":0,"730":1,"731":1,"732":0,"733":1,"734":1,"735":1,"736":1,"737":0,"738":1,"739":0,"740":0,"741":0,"742":0,"743":0,"744":0,"745":0,"746":0,"747":0,"748":1},"f":{"0":1,"1":1,"2":1,"3":1,"4":2,"5":1,"6":1,"7":1,"8":0,"9":0,"10":0,"11":0,"12":0,"13":0,"14":0,"15":0,"16":5,"17":4,"18":0,"19":0,"20":3,"21":3,"22":0,"23":1,"24":1,"25":1,"26":1,"27":1,"28":1,"29":1,"30":0,"31":0,"32":4,"33":4,"34":0,"35":1,"36":1,"37":1,"38":1,"39":1,"40":1,"41":1,"42":2,"43":2,"44":2,"45":2,"46":2,"47":0,"48":33,"49":33,"50":33,"51":33,"52":33,"53":1,"54":1,"55":0,"56":1,"57":1,"58":1,"59":1,"60":1,"61":1,"62":1,"63":2,"64":2,"65":2,"66":2,"67":4,"68":1,"69":1,"70":2,"71":1,"72":1,"73":2,"74":1,"75":1,"76":2,"77":0,"78":0,"79":0,"80":1,"81":1,"82":1,"83":1,"84":1,"85":1,"86":22,"87":22,"88":1,"89":1,"90":2,"91":1,"92":1,"93":2,"94":3,"95":3,"96":1,"97":1,"98":1,"99":1,"100":0,"101":0,"102":1,"103":1,"104":0,"105":0,"106":0,"107":1,"108":1,"109":1,"110":0,"111":0,"112":0,"113":0,"114":0,"115":0,"116":4,"117":4,"118":1,"119":1,"120":0,"121":0,"122":0,"123":0,"124":0,"125":0,"126":0,"127":0,"128":1,"129":1,"130":0,"131":0,"132":0,"133":0,"134":0,"135":1,"136":1,"137":1,"138":0,"139":0,"140":0},"b":{"0":[0,1],"1":[0,1],"2":[1,1],"3":[0,1],"4":[1,1],"5":[1,1],"6":[0,0],"7":[0,0],"8":[0,0],"9":[0,0],"10":[0,0],"11":[0,0],"12":[0,4],"13":[2,2],"14":[0,2],"15":[2,1],"16":[2,1],"17":[2,1],"18":[2,1],"19":[0,0],"20":[0,3],"21":[0,3],"22":[0,0],"23":[0,0],"24":[0,1],"25":[0,1],"26":[0,1],"27":[0,1],"28":[1,0],"29":[0,0],"30":[0,0],"31":[0,4],"32":[0,4],"33":[0,4],"34":[4,0],"35":[0,0],"36":[0,1],"37":[0,1],"38":[1,0],"39":[0,1],"40":[0,1],"41":[0,1],"42":[0,2],"43":[0,2],"44":[0,2],"45":[0,2],"46":[0,0],"47":[2,2],"48":[0,33],"49":[0,33],"50":[0,33],"51":[33,33],"52":[33,0],"53":[33,0],"54":[0,1],"55":[0,1],"56":[0,1],"57":[1,0],"58":[0,1],"59":[0,1],"60":[0,1],"61":[0,2],"62":[0,2],"63":[0,1],"64":[0,1],"65":[0,1],"66":[0,1],"67":[0,1],"68":[1,1],"69":[1,0],"70":[0,1],"71":[2,0],"72":[0,1],"73":[0,1],"74":[0,1],"75":[0,1],"76":[0,1],"77":[0,1],"78":[1,1],"79":[0,22],"80":[0,22],"81":[0,1],"82":[2,2],"83":[2,2],"84":[2,0],"85":[0,1],"86":[0,1],"87":[2,2],"88":[2,2],"89":[2,0],"90":[0,3],"91":[3,3],"92":[3,3],"93":[3,0],"94":[0,1],"95":[0,1],"96":[1,1],"97":[1,1],"98":[1,0],"99":[0,1],"100":[0,1],"101":[0,1],"102":[0,1],"103":[0,1],"104":[0,1],"105":[0,1],"106":[0,1],"107":[1,0],"108":[1,0],"109":[1,0],"110":[1,0],"111":[0,1],"112":[0,0],"113":[0,0],"114":[0,0],"115":[0,0],"116":[0,0],"117":[0,4],"118":[0,4],"119":[0,4],"120":[0,1],"121":[0,1],"122":[0,1],"123":[0,0],"124":[0,0],"125":[0,0],"126":[0,0],"127":[0,0],"128":[0,0],"129":[0,0],"130":[0,0],"131":[0,0],"132":[0,0],"133":[0,0],"134":[0,0],"135":[0,0],"136":[0,1],"137":[0,1],"138":[0,1],"139":[0,0],"140":[0,0],"141":[0,0],"142":[0,0],"143":[0,0],"144":[0,0],"145":[0,0],"146":[0,0],"147":[0,1],"148":[0,1],"149":[0,0],"150":[0,0]},"_coverageSchema":"43e27e138ebf9cfc5966b082cf9a028302ed4184","hash":"4587397fd2556622ee302aac9878b83fa65a7479","contentHash":"af3c6f21ee10880ab3577c5de37d8398"},"/Users/judith/bootcamp/collab/skylab-bootcamp-201809/staff/judith-gongora/pinclonerest-api/errors/index.js":{"path":"/Users/judith/bootcamp/collab/skylab-bootcamp-201809/staff/judith-gongora/pinclonerest-api/errors/index.js","statementMap":{"0":{"start":{"line":1,"column":27},"end":{"line":1,"column":60}},"1":{"start":{"line":2,"column":18},"end":{"line":2,"column":41}},"2":{"start":{"line":3,"column":22},"end":{"line":3,"column":50}},"3":{"start":{"line":4,"column":19},"end":{"line":4,"column":43}},"4":{"start":{"line":6,"column":0},"end":{"line":11,"column":1}}},"fnMap":{},"branchMap":{},"s":{"0":1,"1":1,"2":1,"3":1,"4":1},"f":{},"b":{},"_coverageSchema":"43e27e138ebf9cfc5966b082cf9a028302ed4184","hash":"5f82ac7abee2ac6d79f8f21f6dce7777e1d47f42","contentHash":"f239c7e2160cce135c8d40cf4a63b72a"},"/Users/judith/bootcamp/collab/skylab-bootcamp-201809/staff/judith-gongora/pinclonerest-api/errors/already-exists-error.js":{"path":"/Users/judith/bootcamp/collab/skylab-bootcamp-201809/staff/judith-gongora/pinclonerest-api/errors/already-exists-error.js","statementMap":{"0":{"start":{"line":3,"column":8},"end":{"line":3,"column":15}},"1":{"start":{"line":5,"column":8},"end":{"line":5,"column":55}},"2":{"start":{"line":7,"column":8},"end":{"line":7,"column":40}},"3":{"start":{"line":8,"column":8},"end":{"line":8,"column":30}},"4":{"start":{"line":10,"column":8},"end":{"line":10,"column":37}},"5":{"start":{"line":10,"column":19},"end":{"line":10,"column":37}},"6":{"start":{"line":14,"column":0},"end":{"line":14,"column":35}}},"fnMap":{"0":{"name":"(anonymous_0)","decl":{"start":{"line":2,"column":4},"end":{"line":2,"column":5}},"loc":{"start":{"line":2,"column":32},"end":{"line":11,"column":5}},"line":2}},"branchMap":{"0":{"loc":{"start":{"line":10,"column":8},"end":{"line":10,"column":37}},"type":"if","locations":[{"start":{"line":10,"column":8},"end":{"line":10,"column":37}},{"start":{"line":10,"column":8},"end":{"line":10,"column":37}}],"line":10}},"s":{"0":0,"1":0,"2":0,"3":0,"4":0,"5":0,"6":1},"f":{"0":0},"b":{"0":[0,0]},"_coverageSchema":"43e27e138ebf9cfc5966b082cf9a028302ed4184","hash":"febcc9b40ce0928bfe283af11c56103a7dc4f476","contentHash":"b4b43bd66308aebbe42dc004af4fafbb"},"/Users/judith/bootcamp/collab/skylab-bootcamp-201809/staff/judith-gongora/pinclonerest-api/errors/auth-error.js":{"path":"/Users/judith/bootcamp/collab/skylab-bootcamp-201809/staff/judith-gongora/pinclonerest-api/errors/auth-error.js","statementMap":{"0":{"start":{"line":3,"column":8},"end":{"line":3,"column":15}},"1":{"start":{"line":5,"column":8},"end":{"line":5,"column":55}},"2":{"start":{"line":7,"column":8},"end":{"line":7,"column":31}},"3":{"start":{"line":8,"column":8},"end":{"line":8,"column":30}},"4":{"start":{"line":10,"column":8},"end":{"line":10,"column":37}},"5":{"start":{"line":10,"column":19},"end":{"line":10,"column":37}},"6":{"start":{"line":14,"column":0},"end":{"line":14,"column":26}}},"fnMap":{"0":{"name":"(anonymous_0)","decl":{"start":{"line":2,"column":4},"end":{"line":2,"column":5}},"loc":{"start":{"line":2,"column":32},"end":{"line":11,"column":5}},"line":2}},"branchMap":{"0":{"loc":{"start":{"line":10,"column":8},"end":{"line":10,"column":37}},"type":"if","locations":[{"start":{"line":10,"column":8},"end":{"line":10,"column":37}},{"start":{"line":10,"column":8},"end":{"line":10,"column":37}}],"line":10}},"s":{"0":0,"1":0,"2":0,"3":0,"4":0,"5":0,"6":1},"f":{"0":0},"b":{"0":[0,0]},"_coverageSchema":"43e27e138ebf9cfc5966b082cf9a028302ed4184","hash":"5ad12e393ea2c46f95fd243cf510a1ea6d441c35","contentHash":"5f7744838c0a92551144688fa046da17"},"/Users/judith/bootcamp/collab/skylab-bootcamp-201809/staff/judith-gongora/pinclonerest-api/errors/not-found-error.js":{"path":"/Users/judith/bootcamp/collab/skylab-bootcamp-201809/staff/judith-gongora/pinclonerest-api/errors/not-found-error.js","statementMap":{"0":{"start":{"line":3,"column":8},"end":{"line":3,"column":15}},"1":{"start":{"line":5,"column":8},"end":{"line":5,"column":55}},"2":{"start":{"line":7,"column":8},"end":{"line":7,"column":35}},"3":{"start":{"line":8,"column":8},"end":{"line":8,"column":30}},"4":{"start":{"line":10,"column":8},"end":{"line":10,"column":37}},"5":{"start":{"line":10,"column":19},"end":{"line":10,"column":37}},"6":{"start":{"line":14,"column":0},"end":{"line":14,"column":30}}},"fnMap":{"0":{"name":"(anonymous_0)","decl":{"start":{"line":2,"column":4},"end":{"line":2,"column":5}},"loc":{"start":{"line":2,"column":32},"end":{"line":11,"column":5}},"line":2}},"branchMap":{"0":{"loc":{"start":{"line":10,"column":8},"end":{"line":10,"column":37}},"type":"if","locations":[{"start":{"line":10,"column":8},"end":{"line":10,"column":37}},{"start":{"line":10,"column":8},"end":{"line":10,"column":37}}],"line":10}},"s":{"0":0,"1":0,"2":0,"3":0,"4":0,"5":0,"6":1},"f":{"0":0},"b":{"0":[0,0]},"_coverageSchema":"43e27e138ebf9cfc5966b082cf9a028302ed4184","hash":"82688fd8b9de87790d07bbabbbbb2168f6bfeb6f","contentHash":"0f5673e0898b3810147dd3139b677f49"},"/Users/judith/bootcamp/collab/skylab-bootcamp-201809/staff/judith-gongora/pinclonerest-api/errors/value-error.js":{"path":"/Users/judith/bootcamp/collab/skylab-bootcamp-201809/staff/judith-gongora/pinclonerest-api/errors/value-error.js","statementMap":{"0":{"start":{"line":3,"column":8},"end":{"line":3,"column":15}},"1":{"start":{"line":5,"column":8},"end":{"line":5,"column":55}},"2":{"start":{"line":7,"column":8},"end":{"line":7,"column":32}},"3":{"start":{"line":8,"column":8},"end":{"line":8,"column":30}},"4":{"start":{"line":10,"column":8},"end":{"line":10,"column":37}},"5":{"start":{"line":10,"column":19},"end":{"line":10,"column":37}},"6":{"start":{"line":14,"column":0},"end":{"line":14,"column":27}}},"fnMap":{"0":{"name":"(anonymous_0)","decl":{"start":{"line":2,"column":4},"end":{"line":2,"column":5}},"loc":{"start":{"line":2,"column":32},"end":{"line":11,"column":5}},"line":2}},"branchMap":{"0":{"loc":{"start":{"line":10,"column":8},"end":{"line":10,"column":37}},"type":"if","locations":[{"start":{"line":10,"column":8},"end":{"line":10,"column":37}},{"start":{"line":10,"column":8},"end":{"line":10,"column":37}}],"line":10}},"s":{"0":0,"1":0,"2":0,"3":0,"4":0,"5":0,"6":1},"f":{"0":0},"b":{"0":[0,0]},"_coverageSchema":"43e27e138ebf9cfc5966b082cf9a028302ed4184","hash":"77ada8cbe40f3a8ec739a5112e067b4fe9854f2d","contentHash":"26083222293214d6459c192174859381"},"/Users/judith/bootcamp/collab/skylab-bootcamp-201809/staff/judith-gongora/pinclonerest-api/utils/validate.js":{"path":"/Users/judith/bootcamp/collab/skylab-bootcamp-201809/staff/judith-gongora/pinclonerest-api/utils/validate.js","statementMap":{"0":{"start":{"line":1,"column":23},"end":{"line":1,"column":43}},"1":{"start":{"line":4,"column":4},"end":{"line":25,"column":6}},"2":{"start":{"line":5,"column":8},"end":{"line":24,"column":9}},"3":{"start":{"line":7,"column":16},"end":{"line":7,"column":79}},"4":{"start":{"line":7,"column":74},"end":{"line":7,"column":79}},"5":{"start":{"line":9,"column":16},"end":{"line":9,"column":88}},"6":{"start":{"line":9,"column":47},"end":{"line":9,"column":88}},"7":{"start":{"line":11,"column":16},"end":{"line":11,"column":90}},"8":{"start":{"line":11,"column":42},"end":{"line":11,"column":90}},"9":{"start":{"line":13,"column":16},"end":{"line":13,"column":21}},"10":{"start":{"line":15,"column":16},"end":{"line":15,"column":78}},"11":{"start":{"line":15,"column":73},"end":{"line":15,"column":78}},"12":{"start":{"line":17,"column":16},"end":{"line":17,"column":90}},"13":{"start":{"line":17,"column":48},"end":{"line":17,"column":90}},"14":{"start":{"line":19,"column":16},"end":{"line":19,"column":21}},"15":{"start":{"line":21,"column":16},"end":{"line":21,"column":78}},"16":{"start":{"line":21,"column":73},"end":{"line":21,"column":78}},"17":{"start":{"line":23,"column":16},"end":{"line":23,"column":88}},"18":{"start":{"line":23,"column":47},"end":{"line":23,"column":88}},"19":{"start":{"line":28,"column":0},"end":{"line":28,"column":25}}},"fnMap":{"0":{"name":"validate","decl":{"start":{"line":3,"column":9},"end":{"line":3,"column":17}},"loc":{"start":{"line":3,"column":26},"end":{"line":26,"column":1}},"line":3},"1":{"name":"(anonymous_1)","decl":{"start":{"line":4,"column":19},"end":{"line":4,"column":20}},"loc":{"start":{"line":4,"column":55},"end":{"line":25,"column":5}},"line":4}},"branchMap":{"0":{"loc":{"start":{"line":5,"column":8},"end":{"line":24,"column":9}},"type":"switch","locations":[{"start":{"line":6,"column":12},"end":{"line":13,"column":21}},{"start":{"line":14,"column":12},"end":{"line":19,"column":21}},{"start":{"line":20,"column":12},"end":{"line":23,"column":88}}],"line":5},"1":{"loc":{"start":{"line":7,"column":16},"end":{"line":7,"column":79}},"type":"if","locations":[{"start":{"line":7,"column":16},"end":{"line":7,"column":79}},{"start":{"line":7,"column":16},"end":{"line":7,"column":79}}],"line":7},"2":{"loc":{"start":{"line":7,"column":20},"end":{"line":7,"column":71}},"type":"binary-expr","locations":[{"start":{"line":7,"column":20},"end":{"line":7,"column":28}},{"start":{"line":7,"column":33},"end":{"line":7,"column":47}},{"start":{"line":7,"column":51},"end":{"line":7,"column":70}}],"line":7},"3":{"loc":{"start":{"line":9,"column":16},"end":{"line":9,"column":88}},"type":"if","locations":[{"start":{"line":9,"column":16},"end":{"line":9,"column":88}},{"start":{"line":9,"column":16},"end":{"line":9,"column":88}}],"line":9},"4":{"loc":{"start":{"line":11,"column":16},"end":{"line":11,"column":90}},"type":"if","locations":[{"start":{"line":11,"column":16},"end":{"line":11,"column":90}},{"start":{"line":11,"column":16},"end":{"line":11,"column":90}}],"line":11},"5":{"loc":{"start":{"line":15,"column":16},"end":{"line":15,"column":78}},"type":"if","locations":[{"start":{"line":15,"column":16},"end":{"line":15,"column":78}},{"start":{"line":15,"column":16},"end":{"line":15,"column":78}}],"line":15},"6":{"loc":{"start":{"line":15,"column":20},"end":{"line":15,"column":71}},"type":"binary-expr","locations":[{"start":{"line":15,"column":20},"end":{"line":15,"column":28}},{"start":{"line":15,"column":33},"end":{"line":15,"column":47}},{"start":{"line":15,"column":51},"end":{"line":15,"column":70}}],"line":15},"7":{"loc":{"start":{"line":17,"column":16},"end":{"line":17,"column":90}},"type":"if","locations":[{"start":{"line":17,"column":16},"end":{"line":17,"column":90}},{"start":{"line":17,"column":16},"end":{"line":17,"column":90}}],"line":17},"8":{"loc":{"start":{"line":21,"column":16},"end":{"line":21,"column":78}},"type":"if","locations":[{"start":{"line":21,"column":16},"end":{"line":21,"column":78}},{"start":{"line":21,"column":16},"end":{"line":21,"column":78}}],"line":21},"9":{"loc":{"start":{"line":21,"column":20},"end":{"line":21,"column":71}},"type":"binary-expr","locations":[{"start":{"line":21,"column":20},"end":{"line":21,"column":28}},{"start":{"line":21,"column":33},"end":{"line":21,"column":47}},{"start":{"line":21,"column":51},"end":{"line":21,"column":70}}],"line":21},"10":{"loc":{"start":{"line":23,"column":16},"end":{"line":23,"column":88}},"type":"if","locations":[{"start":{"line":23,"column":16},"end":{"line":23,"column":88}},{"start":{"line":23,"column":16},"end":{"line":23,"column":88}}],"line":23}},"s":{"0":1,"1":103,"2":390,"3":364,"4":75,"5":289,"6":2,"7":287,"8":0,"9":287,"10":24,"11":1,"12":23,"13":0,"14":23,"15":1,"16":0,"17":1,"18":0,"19":1},"f":{"0":103,"1":390},"b":{"0":[364,24,1],"1":[75,289],"2":[364,117,43],"3":[2,287],"4":[0,287],"5":[1,23],"6":[24,1,1],"7":[0,23],"8":[0,1],"9":[1,0,0],"10":[0,1]},"_coverageSchema":"43e27e138ebf9cfc5966b082cf9a028302ed4184","hash":"9b256f81870d15ab1eaf96dad2ef296a6f075925","contentHash":"dab60a7465b85d21be276ff44e87d72d"},"/Users/judith/bootcamp/collab/skylab-bootcamp-201809/staff/judith-gongora/pinclonerest-api/utils/cloudinary.js":{"path":"/Users/judith/bootcamp/collab/skylab-bootcamp-201809/staff/judith-gongora/pinclonerest-api/utils/cloudinary.js","statementMap":{"0":{"start":{"line":1,"column":0},"end":{"line":1,"column":26}},"1":{"start":{"line":3,"column":19},"end":{"line":3,"column":40}},"2":{"start":{"line":5,"column":84},"end":{"line":5,"column":91}},"3":{"start":{"line":7,"column":0},"end":{"line":11,"column":2}},"4":{"start":{"line":13,"column":0},"end":{"line":13,"column":27}}},"fnMap":{},"branchMap":{},"s":{"0":1,"1":1,"2":1,"3":1,"4":1},"f":{},"b":{},"_coverageSchema":"43e27e138ebf9cfc5966b082cf9a028302ed4184","hash":"63fb79b54c63a0121c791c1c39e2056f76ab5da0","contentHash":"30e08b9d2ea15650f9929e034fae98f5"}}